[17-May-2019 02:07:52 UTC] PHP Parse error:  syntax error, unexpected '<', expecting end of file in phar:///usr/local/bin/wp/vendor/wp-cli/wp-cli/php/WP_CLI/SynopsisValidator.php on line 92
[17-May-2019 02:07:52 UTC] PHP Parse error:  syntax error, unexpected '<', expecting end of file in phar:///usr/local/bin/wp/vendor/wp-cli/wp-cli/php/WP_CLI/SynopsisValidator.php on line 92
[18-May-2019 04:44:48 UTC] PHP Parse error:  syntax error, unexpected '}', expecting ',' or ';' in /app/public/wp-content/themes/fictional-university-theme/index.php on line 6
[18-May-2019 16:42:45 UTC] PHP Parse error:  syntax error, unexpected '}' in /app/public/wp-content/themes/fictional-university-theme/index.php on line 7
[18-May-2019 16:43:03 UTC] PHP Parse error:  syntax error, unexpected '}' in /app/public/wp-content/themes/fictional-university-theme/index.php on line 7
[18-May-2019 16:43:04 UTC] PHP Parse error:  syntax error, unexpected '}' in /app/public/wp-content/themes/fictional-university-theme/index.php on line 7
[18-May-2019 16:43:37 UTC] PHP Parse error:  syntax error, unexpected '}' in /app/public/wp-content/themes/fictional-university-theme/index.php on line 7
[19-May-2019 09:10:57 UTC] PHP Parse error:  syntax error, unexpected 'echo' (T_ECHO) in /app/public/wp-content/themes/fictional-university-theme/functions.php on line 5
[21-May-2019 18:46:54 UTC] PHP Parse error:  syntax error, unexpected '}', expecting ',' or ';' in /app/public/wp-content/themes/fictional-university-theme/page.php on line 22
[21-May-2019 18:48:59 UTC] PHP Parse error:  syntax error, unexpected '}', expecting end of file in /app/public/wp-content/themes/fictional-university-theme/page.php on line 41
[21-May-2019 18:55:12 UTC] PHP Parse error:  syntax error, unexpected '}' in /app/public/wp-content/themes/fictional-university-theme/page.php on line 24
[21-May-2019 20:32:39 UTC] PHP Parse error:  syntax error, unexpected ';', expecting ')' in /app/public/wp-content/themes/fictional-university-theme/page.php on line 34
[24-May-2019 02:28:46 UTC] PHP Parse error:  syntax error, unexpected 'echo' (T_ECHO) in /app/public/wp-content/themes/fictional-university-theme/header.php on line 21
[26-May-2019 14:11:51 UTC] PHP Warning:  A non-numeric value encountered in /app/public/wp-content/themes/fictional-university-theme/index.php on line 23
[26-May-2019 14:11:51 UTC] PHP Warning:  A non-numeric value encountered in /app/public/wp-content/themes/fictional-university-theme/index.php on line 23
[26-May-2019 14:11:51 UTC] PHP Warning:  A non-numeric value encountered in /app/public/wp-content/themes/fictional-university-theme/index.php on line 23
[26-May-2019 14:11:51 UTC] PHP Warning:  A non-numeric value encountered in /app/public/wp-content/themes/fictional-university-theme/index.php on line 23
[26-May-2019 14:11:51 UTC] PHP Warning:  A non-numeric value encountered in /app/public/wp-content/themes/fictional-university-theme/index.php on line 23
[26-May-2019 14:11:51 UTC] PHP Warning:  A non-numeric value encountered in /app/public/wp-content/themes/fictional-university-theme/index.php on line 23
[26-May-2019 14:11:51 UTC] PHP Warning:  A non-numeric value encountered in /app/public/wp-content/themes/fictional-university-theme/index.php on line 23
[26-May-2019 14:11:51 UTC] PHP Warning:  A non-numeric value encountered in /app/public/wp-content/themes/fictional-university-theme/index.php on line 23
[26-May-2019 14:11:51 UTC] PHP Warning:  A non-numeric value encountered in /app/public/wp-content/themes/fictional-university-theme/index.php on line 23
[26-May-2019 14:11:51 UTC] PHP Warning:  A non-numeric value encountered in /app/public/wp-content/themes/fictional-university-theme/index.php on line 23
[26-May-2019 14:11:51 UTC] PHP Warning:  A non-numeric value encountered in /app/public/wp-content/themes/fictional-university-theme/index.php on line 23
[26-May-2019 14:11:51 UTC] PHP Warning:  A non-numeric value encountered in /app/public/wp-content/themes/fictional-university-theme/index.php on line 23
[26-May-2019 14:11:51 UTC] PHP Warning:  A non-numeric value encountered in /app/public/wp-content/themes/fictional-university-theme/index.php on line 23
[26-May-2019 14:11:51 UTC] PHP Warning:  A non-numeric value encountered in /app/public/wp-content/themes/fictional-university-theme/index.php on line 23
[26-May-2019 14:11:51 UTC] PHP Warning:  A non-numeric value encountered in /app/public/wp-content/themes/fictional-university-theme/index.php on line 23
[26-May-2019 14:11:51 UTC] PHP Warning:  A non-numeric value encountered in /app/public/wp-content/themes/fictional-university-theme/index.php on line 23
[26-May-2019 14:11:51 UTC] PHP Warning:  A non-numeric value encountered in /app/public/wp-content/themes/fictional-university-theme/index.php on line 23
[26-May-2019 14:11:51 UTC] PHP Warning:  A non-numeric value encountered in /app/public/wp-content/themes/fictional-university-theme/index.php on line 23
[26-May-2019 14:11:51 UTC] PHP Warning:  A non-numeric value encountered in /app/public/wp-content/themes/fictional-university-theme/index.php on line 23
[26-May-2019 14:11:51 UTC] PHP Warning:  A non-numeric value encountered in /app/public/wp-content/themes/fictional-university-theme/index.php on line 23
[26-May-2019 19:29:25 UTC] PHP Parse error:  syntax error, unexpected 'echo' (T_ECHO) in /app/public/wp-content/themes/fictional-university-theme/archive.php on line 9
[26-May-2019 19:31:45 UTC] PHP Parse error:  syntax error, unexpected end of file in /app/public/wp-content/themes/fictional-university-theme/archive.php on line 48
[28-May-2019 13:04:43 UTC] PHP Warning:  An unexpected error occurred. Something may be wrong with WordPress.org or this server&#8217;s configuration. If you continue to have problems, please try the <a href="https://wordpress.org/support/">support forums</a>. (WordPress could not establish a secure connection to WordPress.org. Please contact your server administrator.) in /app/public/wp-includes/update.php on line 160
[28-May-2019 13:04:43 UTC] PHP Warning:  An unexpected error occurred. Something may be wrong with WordPress.org or this server&#8217;s configuration. If you continue to have problems, please try the <a href="https://wordpress.org/support/">support forums</a>. (WordPress could not establish a secure connection to WordPress.org. Please contact your server administrator.) in /app/public/wp-includes/update.php on line 384
[28-May-2019 13:04:43 UTC] PHP Warning:  An unexpected error occurred. Something may be wrong with WordPress.org or this server&#8217;s configuration. If you continue to have problems, please try the <a href="https://wordpress.org/support/">support forums</a>. (WordPress could not establish a secure connection to WordPress.org. Please contact your server administrator.) in /app/public/wp-includes/update.php on line 569
[28-May-2019 14:34:58 UTC] PHP Warning:  An unexpected error occurred. Something may be wrong with WordPress.org or this server&#8217;s configuration. If you continue to have problems, please try the <a href="https://wordpress.org/support/">support forums</a>. (WordPress could not establish a secure connection to WordPress.org. Please contact your server administrator.) in /app/public/wp-includes/update.php on line 160
