[17-May-2019 02:07:34] NOTICE: fpm is running, pid 16
[17-May-2019 02:07:34] NOTICE: ready to handle connections
[18-May-2019 15:54:00] NOTICE: fpm is running, pid 59
[18-May-2019 15:54:00] NOTICE: ready to handle connections
[18-May-2019 15:54:23] NOTICE: Terminating ...
[18-May-2019 15:54:23] NOTICE: exiting, bye-bye!
[18-May-2019 15:54:37] NOTICE: fpm is running, pid 56
[18-May-2019 15:54:37] NOTICE: ready to handle connections
[21-May-2019 17:21:08] NOTICE: fpm is running, pid 56
[21-May-2019 17:21:08] NOTICE: ready to handle connections
[22-May-2019 02:00:52] NOTICE: Terminating ...
[22-May-2019 02:00:52] NOTICE: exiting, bye-bye!
[22-May-2019 23:05:02] NOTICE: fpm is running, pid 54
[22-May-2019 23:05:02] NOTICE: ready to handle connections
[26-May-2019 13:55:52] NOTICE: Terminating ...
[26-May-2019 13:55:52] NOTICE: exiting, bye-bye!
[26-May-2019 13:56:09] NOTICE: fpm is running, pid 58
[26-May-2019 13:56:09] NOTICE: ready to handle connections
[26-Jun-2019 17:09:36] NOTICE: fpm is running, pid 57
[26-Jun-2019 17:09:36] NOTICE: ready to handle connections
[15-Aug-2019 00:48:30] NOTICE: fpm is running, pid 57
[15-Aug-2019 00:48:30] NOTICE: ready to handle connections
[15-Aug-2019 01:25:45] NOTICE: Terminating ...
[15-Aug-2019 01:25:45] NOTICE: exiting, bye-bye!
[15-Aug-2019 01:25:54] NOTICE: fpm is running, pid 57
[15-Aug-2019 01:25:54] NOTICE: ready to handle connections
[15-Aug-2019 01:29:03] NOTICE: Terminating ...
[15-Aug-2019 01:29:03] NOTICE: exiting, bye-bye!
[15-Aug-2019 01:29:09] NOTICE: fpm is running, pid 54
[15-Aug-2019 01:29:09] NOTICE: ready to handle connections
[16-Aug-2019 01:04:31] NOTICE: fpm is running, pid 57
[16-Aug-2019 01:04:31] NOTICE: ready to handle connections
[18-Aug-2019 02:49:22] NOTICE: fpm is running, pid 56
[18-Aug-2019 02:49:22] NOTICE: ready to handle connections
