2019-05-17T02:07:35.465090Z 0 [Warning] TIMESTAMP with implicit DEFAULT value is deprecated. Please use --explicit_defaults_for_timestamp server option (see documentation for more details).
2019-05-17T02:07:35.466084Z 0 [Note] /usr/sbin/mysqld (mysqld 5.7.23) starting as process 35 ...
2019-05-17T02:07:35.488415Z 0 [Note] InnoDB: PUNCH HOLE support available
2019-05-17T02:07:35.488459Z 0 [Note] InnoDB: Mutexes and rw_locks use GCC atomic builtins
2019-05-17T02:07:35.488468Z 0 [Note] InnoDB: Uses event mutexes
2019-05-17T02:07:35.488476Z 0 [Note] InnoDB: GCC builtin __atomic_thread_fence() is used for memory barrier
2019-05-17T02:07:35.488483Z 0 [Note] InnoDB: Compressed tables use zlib 1.2.3
2019-05-17T02:07:35.488490Z 0 [Note] InnoDB: Using Linux native AIO
2019-05-17T02:07:35.488785Z 0 [Note] InnoDB: Number of pools: 1
2019-05-17T02:07:35.488929Z 0 [Note] InnoDB: Using CPU crc32 instructions
2019-05-17T02:07:35.503004Z 0 [Note] InnoDB: Initializing buffer pool, total size = 32M, instances = 1, chunk size = 32M
2019-05-17T02:07:35.507318Z 0 [Note] InnoDB: Completed initialization of buffer pool
2019-05-17T02:07:35.510757Z 0 [Note] InnoDB: If the mysqld execution user is authorized, page cleaner thread priority can be changed. See the man page of setpriority().
2019-05-17T02:07:35.530992Z 0 [Note] InnoDB: Highest supported file format is Barracuda.
2019-05-17T02:07:35.532733Z 0 [Note] InnoDB: Log scan progressed past the checkpoint lsn 2588963
2019-05-17T02:07:35.532784Z 0 [Note] InnoDB: Doing recovery: scanned up to log sequence number 2591784
2019-05-17T02:07:35.534676Z 0 [Note] InnoDB: Database was not shutdown normally!
2019-05-17T02:07:35.534711Z 0 [Note] InnoDB: Starting crash recovery.
2019-05-17T02:07:35.921772Z 0 [Note] InnoDB: Starting an apply batch of log records to the database...
InnoDB: Progress in percent: 16 17 18 19 20 21 22 23 24 25 26 27 28 29 30 31 32 33 34 35 36 37 38 39 40 41 42 43 44 45 46 47 48 49 50 51 52 53 54 55 56 57 58 59 60 61 62 63 64 65 66 67 68 69 70 71 72 73 74 75 76 77 78 79 80 81 82 83 84 85 86 87 88 89 90 91 92 93 94 95 96 97 98 99 
2019-05-17T02:07:35.925494Z 0 [Note] InnoDB: Apply batch completed
2019-05-17T02:07:36.031740Z 0 [Note] InnoDB: Removed temporary tablespace data file: "ibtmp1"
2019-05-17T02:07:36.031784Z 0 [Note] InnoDB: Creating shared tablespace for temporary tables
2019-05-17T02:07:36.031925Z 0 [Note] InnoDB: Setting file './ibtmp1' size to 12 MB. Physically writing the file full; Please wait ...
2019-05-17T02:07:36.112145Z 0 [Note] InnoDB: File './ibtmp1' size is now 12 MB.
2019-05-17T02:07:36.113001Z 0 [Note] InnoDB: 96 redo rollback segment(s) found. 96 redo rollback segment(s) are active.
2019-05-17T02:07:36.113018Z 0 [Note] InnoDB: 32 non-redo rollback segment(s) are active.
2019-05-17T02:07:36.113667Z 0 [Note] InnoDB: Waiting for purge to start
2019-05-17T02:07:36.168464Z 0 [Note] InnoDB: 5.7.23 started; log sequence number 2591784
2019-05-17T02:07:36.170769Z 0 [Note] Plugin 'FEDERATED' is disabled.
2019-05-17T02:07:36.171397Z 0 [Note] InnoDB: Loading buffer pool(s) from /var/lib/mysql/ib_buffer_pool
2019-05-17T02:07:36.176197Z 0 [Warning] Failed to set up SSL because of the following SSL library error: SSL context is not usable without certificate and private key
2019-05-17T02:07:36.176228Z 0 [Note] Server hostname (bind-address): '*'; port: 3306
2019-05-17T02:07:36.176604Z 0 [Note] IPv6 is available.
2019-05-17T02:07:36.176813Z 0 [Note]   - '::' resolves to '::';
2019-05-17T02:07:36.176833Z 0 [Note] Server socket created on IP: '::'.
2019-05-17T02:07:36.178637Z 0 [Warning] Insecure configuration for --pid-file: Location '/var/run/mysqld' in the path is accessible to all OS users. Consider choosing a different directory.
2019-05-17T02:07:36.181389Z 0 [Note] InnoDB: Buffer pool(s) load completed at 190517  2:07:36
2019-05-17T02:07:36.184120Z 0 [ERROR] /usr/sbin/mysqld: Table './mysql/user' is marked as crashed and should be repaired
2019-05-17T02:07:36.184571Z 0 [Warning] Checking table:   './mysql/user'
2019-05-17T02:07:36.184606Z 0 [ERROR] 1 client is using or hasn't closed the table properly
2019-05-17T02:07:36.186837Z 0 [Warning] 'user' entry 'root@localhost' ignored in --skip-name-resolve mode.
2019-05-17T02:07:36.186898Z 0 [Warning] 'user' entry 'mysql.session@localhost' ignored in --skip-name-resolve mode.
2019-05-17T02:07:36.186916Z 0 [Warning] 'user' entry 'mysql.sys@localhost' ignored in --skip-name-resolve mode.
2019-05-17T02:07:36.186949Z 0 [Warning] 'db' entry 'performance_schema mysql.session@localhost' ignored in --skip-name-resolve mode.
2019-05-17T02:07:36.186957Z 0 [Warning] 'db' entry 'sys mysql.sys@localhost' ignored in --skip-name-resolve mode.
2019-05-17T02:07:36.186973Z 0 [Warning] 'proxies_priv' entry '@ root@localhost' ignored in --skip-name-resolve mode.
2019-05-17T02:07:36.189946Z 0 [Warning] 'tables_priv' entry 'user mysql.session@localhost' ignored in --skip-name-resolve mode.
2019-05-17T02:07:36.189977Z 0 [Warning] 'tables_priv' entry 'sys_config mysql.sys@localhost' ignored in --skip-name-resolve mode.
2019-05-17T02:07:36.230985Z 0 [Note] Event Scheduler: Loaded 0 events
2019-05-17T02:07:36.231354Z 0 [Note] /usr/sbin/mysqld: ready for connections.
Version: '5.7.23'  socket: '/var/run/mysqld/mysqld.sock'  port: 3306  MySQL Community Server (GPL)
2019-05-17T02:07:37.963639Z 4 [ERROR] /usr/sbin/mysqld: Table './mysql/proc' is marked as crashed and should be repaired
2019-05-17T02:07:37.964002Z 4 [Warning] Checking table:   './mysql/proc'
2019-05-17T02:07:38.005970Z 6 [Warning] 'user' entry 'root@localhost' ignored in --skip-name-resolve mode.
2019-05-17T02:07:38.006008Z 6 [Warning] 'user' entry 'mysql.session@localhost' ignored in --skip-name-resolve mode.
2019-05-17T02:07:38.006023Z 6 [Warning] 'user' entry 'mysql.sys@localhost' ignored in --skip-name-resolve mode.
2019-05-17T02:07:38.006055Z 6 [Warning] 'db' entry 'performance_schema mysql.session@localhost' ignored in --skip-name-resolve mode.
2019-05-17T02:07:38.006063Z 6 [Warning] 'db' entry 'sys mysql.sys@localhost' ignored in --skip-name-resolve mode.
2019-05-17T02:07:38.006080Z 6 [Warning] 'proxies_priv' entry '@ root@localhost' ignored in --skip-name-resolve mode.
2019-05-17T02:07:38.006295Z 6 [Warning] 'tables_priv' entry 'user mysql.session@localhost' ignored in --skip-name-resolve mode.
2019-05-17T02:07:38.006312Z 6 [Warning] 'tables_priv' entry 'sys_config mysql.sys@localhost' ignored in --skip-name-resolve mode.
2019-05-17T19:09:16.130472Z 0 [Note] InnoDB: page_cleaner: 1000ms intended loop took 60569192ms. The settings might not be optimal. (flushed=0 and evicted=0, during the time.)
2019-05-18T15:54:00.708586Z 0 [Warning] TIMESTAMP with implicit DEFAULT value is deprecated. Please use --explicit_defaults_for_timestamp server option (see documentation for more details).
2019-05-18T15:54:00.711832Z 0 [Note] /usr/sbin/mysqld (mysqld 5.7.23) starting as process 80 ...
2019-05-18T15:54:00.753509Z 0 [Note] InnoDB: PUNCH HOLE support available
2019-05-18T15:54:00.753553Z 0 [Note] InnoDB: Mutexes and rw_locks use GCC atomic builtins
2019-05-18T15:54:00.753560Z 0 [Note] InnoDB: Uses event mutexes
2019-05-18T15:54:00.753564Z 0 [Note] InnoDB: GCC builtin __atomic_thread_fence() is used for memory barrier
2019-05-18T15:54:00.753569Z 0 [Note] InnoDB: Compressed tables use zlib 1.2.3
2019-05-18T15:54:00.753573Z 0 [Note] InnoDB: Using Linux native AIO
2019-05-18T15:54:00.759668Z 0 [Note] InnoDB: Number of pools: 1
2019-05-18T15:54:00.765904Z 0 [Note] InnoDB: Using CPU crc32 instructions
2019-05-18T15:54:00.781126Z 0 [Note] InnoDB: Initializing buffer pool, total size = 32M, instances = 1, chunk size = 32M
2019-05-18T15:54:00.807296Z 0 [Note] InnoDB: Completed initialization of buffer pool
2019-05-18T15:54:00.833427Z 0 [Note] InnoDB: If the mysqld execution user is authorized, page cleaner thread priority can be changed. See the man page of setpriority().
2019-05-18T15:54:00.873987Z 0 [Note] InnoDB: Highest supported file format is Barracuda.
2019-05-18T15:54:00.877944Z 0 [Note] InnoDB: Log scan progressed past the checkpoint lsn 4711867
2019-05-18T15:54:00.877993Z 0 [Note] InnoDB: Doing recovery: scanned up to log sequence number 4711876
2019-05-18T15:54:00.878022Z 0 [Note] InnoDB: Database was not shutdown normally!
2019-05-18T15:54:00.878036Z 0 [Note] InnoDB: Starting crash recovery.
2019-05-18T15:54:01.133164Z 0 [Note] InnoDB: Removed temporary tablespace data file: "ibtmp1"
2019-05-18T15:54:01.133200Z 0 [Note] InnoDB: Creating shared tablespace for temporary tables
2019-05-18T15:54:01.133278Z 0 [Note] InnoDB: Setting file './ibtmp1' size to 12 MB. Physically writing the file full; Please wait ...
2019-05-18T15:54:01.190461Z 0 [Note] InnoDB: File './ibtmp1' size is now 12 MB.
2019-05-18T15:54:01.206684Z 0 [Note] InnoDB: 96 redo rollback segment(s) found. 96 redo rollback segment(s) are active.
2019-05-18T15:54:01.206723Z 0 [Note] InnoDB: 32 non-redo rollback segment(s) are active.
2019-05-18T15:54:01.211990Z 0 [Note] InnoDB: Waiting for purge to start
2019-05-18T15:54:01.262283Z 0 [Note] InnoDB: 5.7.23 started; log sequence number 4711876
2019-05-18T15:54:01.270347Z 0 [Note] Plugin 'FEDERATED' is disabled.
2019-05-18T15:54:01.270648Z 0 [Note] InnoDB: Loading buffer pool(s) from /var/lib/mysql/ib_buffer_pool
2019-05-18T15:54:01.289978Z 0 [Note] InnoDB: Buffer pool(s) load completed at 190518 15:54:01
2019-05-18T15:54:01.291460Z 0 [Warning] Failed to set up SSL because of the following SSL library error: SSL context is not usable without certificate and private key
2019-05-18T15:54:01.291484Z 0 [Note] Server hostname (bind-address): '*'; port: 3306
2019-05-18T15:54:01.291746Z 0 [Note] IPv6 is available.
2019-05-18T15:54:01.292262Z 0 [Note]   - '::' resolves to '::';
2019-05-18T15:54:01.292284Z 0 [Note] Server socket created on IP: '::'.
2019-05-18T15:54:01.296991Z 0 [ERROR] /usr/sbin/mysqld: Table './mysql/user' is marked as crashed and should be repaired
2019-05-18T15:54:01.297214Z 0 [Warning] Checking table:   './mysql/user'
2019-05-18T15:54:01.297365Z 0 [ERROR] 1 client is using or hasn't closed the table properly
2019-05-18T15:54:01.301214Z 0 [Warning] 'user' entry 'root@localhost' ignored in --skip-name-resolve mode.
2019-05-18T15:54:01.301262Z 0 [Warning] 'user' entry 'mysql.session@localhost' ignored in --skip-name-resolve mode.
2019-05-18T15:54:01.301277Z 0 [Warning] 'user' entry 'mysql.sys@localhost' ignored in --skip-name-resolve mode.
2019-05-18T15:54:01.301965Z 0 [Warning] 'db' entry 'performance_schema mysql.session@localhost' ignored in --skip-name-resolve mode.
2019-05-18T15:54:01.301978Z 0 [Warning] 'db' entry 'sys mysql.sys@localhost' ignored in --skip-name-resolve mode.
2019-05-18T15:54:01.302358Z 0 [Warning] 'proxies_priv' entry '@ root@localhost' ignored in --skip-name-resolve mode.
2019-05-18T15:54:01.311611Z 0 [Warning] 'tables_priv' entry 'user mysql.session@localhost' ignored in --skip-name-resolve mode.
2019-05-18T15:54:01.311718Z 0 [Warning] 'tables_priv' entry 'sys_config mysql.sys@localhost' ignored in --skip-name-resolve mode.
2019-05-18T15:54:01.379613Z 0 [Note] Event Scheduler: Loaded 0 events
2019-05-18T15:54:01.384531Z 0 [Note] /usr/sbin/mysqld: ready for connections.
Version: '5.7.23'  socket: '/var/run/mysqld/mysqld.sock'  port: 3306  MySQL Community Server (GPL)
2019-05-18T15:54:21.980336Z 0 [Note] Giving 0 client threads a chance to die gracefully
2019-05-18T15:54:21.980888Z 0 [Note] Shutting down slave threads
2019-05-18T15:54:21.980901Z 0 [Note] Forcefully disconnecting 0 remaining clients
2019-05-18T15:54:21.980910Z 0 [Note] Event Scheduler: Purging the queue. 0 events
2019-05-18T15:54:21.981312Z 0 [Note] Binlog end
2019-05-18T15:54:21.982668Z 0 [Note] Shutting down plugin 'ngram'
2019-05-18T15:54:21.982746Z 0 [Note] Shutting down plugin 'partition'
2019-05-18T15:54:21.982756Z 0 [Note] Shutting down plugin 'BLACKHOLE'
2019-05-18T15:54:21.982761Z 0 [Note] Shutting down plugin 'ARCHIVE'
2019-05-18T15:54:21.982764Z 0 [Note] Shutting down plugin 'PERFORMANCE_SCHEMA'
2019-05-18T15:54:21.982785Z 0 [Note] Shutting down plugin 'MRG_MYISAM'
2019-05-18T15:54:21.982789Z 0 [Note] Shutting down plugin 'MyISAM'
2019-05-18T15:54:21.982800Z 0 [Note] Shutting down plugin 'INNODB_SYS_VIRTUAL'
2019-05-18T15:54:21.983268Z 0 [Note] Shutting down plugin 'INNODB_SYS_DATAFILES'
2019-05-18T15:54:21.983281Z 0 [Note] Shutting down plugin 'INNODB_SYS_TABLESPACES'
2019-05-18T15:54:21.983287Z 0 [Note] Shutting down plugin 'INNODB_SYS_FOREIGN_COLS'
2019-05-18T15:54:21.983294Z 0 [Note] Shutting down plugin 'INNODB_SYS_FOREIGN'
2019-05-18T15:54:21.983302Z 0 [Note] Shutting down plugin 'INNODB_SYS_FIELDS'
2019-05-18T15:54:21.983309Z 0 [Note] Shutting down plugin 'INNODB_SYS_COLUMNS'
2019-05-18T15:54:21.983316Z 0 [Note] Shutting down plugin 'INNODB_SYS_INDEXES'
2019-05-18T15:54:21.983323Z 0 [Note] Shutting down plugin 'INNODB_SYS_TABLESTATS'
2019-05-18T15:54:21.983331Z 0 [Note] Shutting down plugin 'INNODB_SYS_TABLES'
2019-05-18T15:54:21.983338Z 0 [Note] Shutting down plugin 'INNODB_FT_INDEX_TABLE'
2019-05-18T15:54:21.983346Z 0 [Note] Shutting down plugin 'INNODB_FT_INDEX_CACHE'
2019-05-18T15:54:21.983607Z 0 [Note] Shutting down plugin 'INNODB_FT_CONFIG'
2019-05-18T15:54:21.983625Z 0 [Note] Shutting down plugin 'INNODB_FT_BEING_DELETED'
2019-05-18T15:54:21.983632Z 0 [Note] Shutting down plugin 'INNODB_FT_DELETED'
2019-05-18T15:54:21.983639Z 0 [Note] Shutting down plugin 'INNODB_FT_DEFAULT_STOPWORD'
2019-05-18T15:54:21.983643Z 0 [Note] Shutting down plugin 'INNODB_METRICS'
2019-05-18T15:54:21.983647Z 0 [Note] Shutting down plugin 'INNODB_TEMP_TABLE_INFO'
2019-05-18T15:54:21.983651Z 0 [Note] Shutting down plugin 'INNODB_BUFFER_POOL_STATS'
2019-05-18T15:54:21.983654Z 0 [Note] Shutting down plugin 'INNODB_BUFFER_PAGE_LRU'
2019-05-18T15:54:21.983658Z 0 [Note] Shutting down plugin 'INNODB_BUFFER_PAGE'
2019-05-18T15:54:21.983661Z 0 [Note] Shutting down plugin 'INNODB_CMP_PER_INDEX_RESET'
2019-05-18T15:54:21.983665Z 0 [Note] Shutting down plugin 'INNODB_CMP_PER_INDEX'
2019-05-18T15:54:21.983668Z 0 [Note] Shutting down plugin 'INNODB_CMPMEM_RESET'
2019-05-18T15:54:21.983671Z 0 [Note] Shutting down plugin 'INNODB_CMPMEM'
2019-05-18T15:54:21.983675Z 0 [Note] Shutting down plugin 'INNODB_CMP_RESET'
2019-05-18T15:54:21.983678Z 0 [Note] Shutting down plugin 'INNODB_CMP'
2019-05-18T15:54:21.983681Z 0 [Note] Shutting down plugin 'INNODB_LOCK_WAITS'
2019-05-18T15:54:21.983685Z 0 [Note] Shutting down plugin 'INNODB_LOCKS'
2019-05-18T15:54:21.983688Z 0 [Note] Shutting down plugin 'INNODB_TRX'
2019-05-18T15:54:21.983692Z 0 [Note] Shutting down plugin 'InnoDB'
2019-05-18T15:54:21.983763Z 0 [Note] InnoDB: FTS optimize thread exiting.
2019-05-18T15:54:21.984246Z 0 [Note] InnoDB: Starting shutdown...
2019-05-18T15:54:22.084900Z 0 [Note] InnoDB: Dumping buffer pool(s) to /var/lib/mysql/ib_buffer_pool
2019-05-18T15:54:22.085154Z 0 [Note] InnoDB: Buffer pool(s) dump completed at 190518 15:54:22
2019-05-18T15:54:23.493665Z 0 [Note] InnoDB: Shutdown completed; log sequence number 4713947
2019-05-18T15:54:23.495679Z 0 [Note] InnoDB: Removed temporary tablespace data file: "ibtmp1"
2019-05-18T15:54:23.495696Z 0 [Note] Shutting down plugin 'MEMORY'
2019-05-18T15:54:23.495702Z 0 [Note] Shutting down plugin 'CSV'
2019-05-18T15:54:23.495708Z 0 [Note] Shutting down plugin 'sha256_password'
2019-05-18T15:54:23.495711Z 0 [Note] Shutting down plugin 'mysql_native_password'
2019-05-18T15:54:23.495842Z 0 [Note] Shutting down plugin 'binlog'
2019-05-18T15:54:23.496248Z 0 [Note] /usr/sbin/mysqld: Shutdown complete

2019-05-18T15:54:37.965002Z 0 [Warning] TIMESTAMP with implicit DEFAULT value is deprecated. Please use --explicit_defaults_for_timestamp server option (see documentation for more details).
2019-05-18T15:54:37.965290Z 0 [Note] /usr/sbin/mysqld (mysqld 5.7.23) starting as process 76 ...
2019-05-18T15:54:37.970724Z 0 [Note] InnoDB: PUNCH HOLE support available
2019-05-18T15:54:37.970755Z 0 [Note] InnoDB: Mutexes and rw_locks use GCC atomic builtins
2019-05-18T15:54:37.970760Z 0 [Note] InnoDB: Uses event mutexes
2019-05-18T15:54:37.970767Z 0 [Note] InnoDB: GCC builtin __atomic_thread_fence() is used for memory barrier
2019-05-18T15:54:37.970776Z 0 [Note] InnoDB: Compressed tables use zlib 1.2.3
2019-05-18T15:54:37.970785Z 0 [Note] InnoDB: Using Linux native AIO
2019-05-18T15:54:37.971004Z 0 [Note] InnoDB: Number of pools: 1
2019-05-18T15:54:37.971100Z 0 [Note] InnoDB: Using CPU crc32 instructions
2019-05-18T15:54:37.972631Z 0 [Note] InnoDB: Initializing buffer pool, total size = 32M, instances = 1, chunk size = 32M
2019-05-18T15:54:37.983542Z 0 [Note] InnoDB: Completed initialization of buffer pool
2019-05-18T15:54:37.984696Z 0 [Note] InnoDB: If the mysqld execution user is authorized, page cleaner thread priority can be changed. See the man page of setpriority().
2019-05-18T15:54:37.997285Z 0 [Note] InnoDB: Highest supported file format is Barracuda.
2019-05-18T15:54:38.020036Z 0 [Note] InnoDB: Creating shared tablespace for temporary tables
2019-05-18T15:54:38.020122Z 0 [Note] InnoDB: Setting file './ibtmp1' size to 12 MB. Physically writing the file full; Please wait ...
2019-05-18T15:54:38.043574Z 0 [Note] InnoDB: File './ibtmp1' size is now 12 MB.
2019-05-18T15:54:38.044140Z 0 [Note] InnoDB: 96 redo rollback segment(s) found. 96 redo rollback segment(s) are active.
2019-05-18T15:54:38.044151Z 0 [Note] InnoDB: 32 non-redo rollback segment(s) are active.
2019-05-18T15:54:38.044598Z 0 [Note] InnoDB: Waiting for purge to start
2019-05-18T15:54:38.096813Z 0 [Note] InnoDB: 5.7.23 started; log sequence number 4713947
2019-05-18T15:54:38.097366Z 0 [Note] Plugin 'FEDERATED' is disabled.
2019-05-18T15:54:38.098806Z 0 [Warning] Failed to set up SSL because of the following SSL library error: SSL context is not usable without certificate and private key
2019-05-18T15:54:38.098821Z 0 [Note] Server hostname (bind-address): '*'; port: 3306
2019-05-18T15:54:38.098869Z 0 [Note] IPv6 is available.
2019-05-18T15:54:38.098883Z 0 [Note]   - '::' resolves to '::';
2019-05-18T15:54:38.098893Z 0 [Note] Server socket created on IP: '::'.
2019-05-18T15:54:38.103652Z 0 [Note] InnoDB: Loading buffer pool(s) from /var/lib/mysql/ib_buffer_pool
2019-05-18T15:54:38.105845Z 0 [Warning] 'user' entry 'root@localhost' ignored in --skip-name-resolve mode.
2019-05-18T15:54:38.105899Z 0 [Warning] 'user' entry 'mysql.session@localhost' ignored in --skip-name-resolve mode.
2019-05-18T15:54:38.106025Z 0 [Warning] 'user' entry 'mysql.sys@localhost' ignored in --skip-name-resolve mode.
2019-05-18T15:54:38.106169Z 0 [Warning] 'db' entry 'performance_schema mysql.session@localhost' ignored in --skip-name-resolve mode.
2019-05-18T15:54:38.106190Z 0 [Warning] 'db' entry 'sys mysql.sys@localhost' ignored in --skip-name-resolve mode.
2019-05-18T15:54:38.106217Z 0 [Warning] 'proxies_priv' entry '@ root@localhost' ignored in --skip-name-resolve mode.
2019-05-18T15:54:38.108280Z 0 [Warning] 'tables_priv' entry 'user mysql.session@localhost' ignored in --skip-name-resolve mode.
2019-05-18T15:54:38.108304Z 0 [Warning] 'tables_priv' entry 'sys_config mysql.sys@localhost' ignored in --skip-name-resolve mode.
2019-05-18T15:54:38.115265Z 0 [Note] InnoDB: Buffer pool(s) load completed at 190518 15:54:38
2019-05-18T15:54:38.123185Z 0 [Note] Event Scheduler: Loaded 0 events
2019-05-18T15:54:38.136762Z 0 [Note] /usr/sbin/mysqld: ready for connections.
Version: '5.7.23'  socket: '/var/run/mysqld/mysqld.sock'  port: 3306  MySQL Community Server (GPL)
2019-05-21T17:21:09.101200Z 0 [Warning] TIMESTAMP with implicit DEFAULT value is deprecated. Please use --explicit_defaults_for_timestamp server option (see documentation for more details).
2019-05-21T17:21:09.101941Z 0 [Note] /usr/sbin/mysqld (mysqld 5.7.23) starting as process 77 ...
2019-05-21T17:21:09.114667Z 0 [Note] InnoDB: PUNCH HOLE support available
2019-05-21T17:21:09.114700Z 0 [Note] InnoDB: Mutexes and rw_locks use GCC atomic builtins
2019-05-21T17:21:09.114708Z 0 [Note] InnoDB: Uses event mutexes
2019-05-21T17:21:09.114714Z 0 [Note] InnoDB: GCC builtin __atomic_thread_fence() is used for memory barrier
2019-05-21T17:21:09.114720Z 0 [Note] InnoDB: Compressed tables use zlib 1.2.3
2019-05-21T17:21:09.114726Z 0 [Note] InnoDB: Using Linux native AIO
2019-05-21T17:21:09.114972Z 0 [Note] InnoDB: Number of pools: 1
2019-05-21T17:21:09.115086Z 0 [Note] InnoDB: Using CPU crc32 instructions
2019-05-21T17:21:09.116856Z 0 [Note] InnoDB: Initializing buffer pool, total size = 32M, instances = 1, chunk size = 32M
2019-05-21T17:21:09.119125Z 0 [Note] InnoDB: Completed initialization of buffer pool
2019-05-21T17:21:09.128015Z 0 [Note] InnoDB: If the mysqld execution user is authorized, page cleaner thread priority can be changed. See the man page of setpriority().
2019-05-21T17:21:09.132149Z 0 [Note] InnoDB: Highest supported file format is Barracuda.
2019-05-21T17:21:09.167930Z 0 [Note] InnoDB: Creating shared tablespace for temporary tables
2019-05-21T17:21:09.168025Z 0 [Note] InnoDB: Setting file './ibtmp1' size to 12 MB. Physically writing the file full; Please wait ...
2019-05-21T17:21:09.214669Z 0 [Note] InnoDB: File './ibtmp1' size is now 12 MB.
2019-05-21T17:21:09.215369Z 0 [Note] InnoDB: 96 redo rollback segment(s) found. 96 redo rollback segment(s) are active.
2019-05-21T17:21:09.215384Z 0 [Note] InnoDB: 32 non-redo rollback segment(s) are active.
2019-05-21T17:21:09.215965Z 0 [Note] InnoDB: Waiting for purge to start
2019-05-21T17:21:09.266550Z 0 [Note] InnoDB: 5.7.23 started; log sequence number 6105628
2019-05-21T17:21:09.266923Z 0 [Note] Plugin 'FEDERATED' is disabled.
2019-05-21T17:21:09.268451Z 0 [Warning] Failed to set up SSL because of the following SSL library error: SSL context is not usable without certificate and private key
2019-05-21T17:21:09.268471Z 0 [Note] Server hostname (bind-address): '*'; port: 3306
2019-05-21T17:21:09.268520Z 0 [Note] IPv6 is available.
2019-05-21T17:21:09.268533Z 0 [Note]   - '::' resolves to '::';
2019-05-21T17:21:09.268542Z 0 [Note] Server socket created on IP: '::'.
2019-05-21T17:21:09.270996Z 0 [Note] InnoDB: Loading buffer pool(s) from /var/lib/mysql/ib_buffer_pool
2019-05-21T17:21:09.272760Z 0 [Warning] 'user' entry 'root@localhost' ignored in --skip-name-resolve mode.
2019-05-21T17:21:09.272791Z 0 [Warning] 'user' entry 'mysql.session@localhost' ignored in --skip-name-resolve mode.
2019-05-21T17:21:09.272803Z 0 [Warning] 'user' entry 'mysql.sys@localhost' ignored in --skip-name-resolve mode.
2019-05-21T17:21:09.272830Z 0 [Warning] 'db' entry 'performance_schema mysql.session@localhost' ignored in --skip-name-resolve mode.
2019-05-21T17:21:09.272836Z 0 [Warning] 'db' entry 'sys mysql.sys@localhost' ignored in --skip-name-resolve mode.
2019-05-21T17:21:09.272849Z 0 [Warning] 'proxies_priv' entry '@ root@localhost' ignored in --skip-name-resolve mode.
2019-05-21T17:21:09.274439Z 0 [Warning] 'tables_priv' entry 'user mysql.session@localhost' ignored in --skip-name-resolve mode.
2019-05-21T17:21:09.274457Z 0 [Warning] 'tables_priv' entry 'sys_config mysql.sys@localhost' ignored in --skip-name-resolve mode.
2019-05-21T17:21:09.282886Z 0 [Note] InnoDB: Buffer pool(s) load completed at 190521 17:21:09
2019-05-21T17:21:09.293090Z 0 [Note] Event Scheduler: Loaded 0 events
2019-05-21T17:21:09.301112Z 0 [Note] /usr/sbin/mysqld: ready for connections.
Version: '5.7.23'  socket: '/var/run/mysqld/mysqld.sock'  port: 3306  MySQL Community Server (GPL)
2019-05-21T17:35:31.476867Z 0 [Note] InnoDB: page_cleaner: 1000ms intended loop took 363101ms. The settings might not be optimal. (flushed=0 and evicted=0, during the time.)
2019-05-21T20:16:07.796345Z 0 [Note] InnoDB: page_cleaner: 1000ms intended loop took 2027874ms. The settings might not be optimal. (flushed=0 and evicted=0, during the time.)
2019-05-22T01:26:32.474266Z 0 [Note] InnoDB: page_cleaner: 1000ms intended loop took 16555254ms. The settings might not be optimal. (flushed=0 and evicted=0, during the time.)
2019-05-22T02:00:51.142734Z 0 [Note] Giving 0 client threads a chance to die gracefully
2019-05-22T02:00:51.143544Z 0 [Note] Shutting down slave threads
2019-05-22T02:00:51.143563Z 0 [Note] Forcefully disconnecting 0 remaining clients
2019-05-22T02:00:51.143573Z 0 [Note] Event Scheduler: Purging the queue. 0 events
2019-05-22T02:00:51.143666Z 0 [Note] Binlog end
2019-05-22T02:00:51.153406Z 0 [Note] Shutting down plugin 'ngram'
2019-05-22T02:00:51.153443Z 0 [Note] Shutting down plugin 'partition'
2019-05-22T02:00:51.153457Z 0 [Note] Shutting down plugin 'BLACKHOLE'
2019-05-22T02:00:51.153481Z 0 [Note] Shutting down plugin 'ARCHIVE'
2019-05-22T02:00:51.153491Z 0 [Note] Shutting down plugin 'PERFORMANCE_SCHEMA'
2019-05-22T02:00:51.153526Z 0 [Note] Shutting down plugin 'MRG_MYISAM'
2019-05-22T02:00:51.153538Z 0 [Note] Shutting down plugin 'MyISAM'
2019-05-22T02:00:51.153559Z 0 [Note] Shutting down plugin 'INNODB_SYS_VIRTUAL'
2019-05-22T02:00:51.153570Z 0 [Note] Shutting down plugin 'INNODB_SYS_DATAFILES'
2019-05-22T02:00:51.153580Z 0 [Note] Shutting down plugin 'INNODB_SYS_TABLESPACES'
2019-05-22T02:00:51.153588Z 0 [Note] Shutting down plugin 'INNODB_SYS_FOREIGN_COLS'
2019-05-22T02:00:51.153598Z 0 [Note] Shutting down plugin 'INNODB_SYS_FOREIGN'
2019-05-22T02:00:51.153606Z 0 [Note] Shutting down plugin 'INNODB_SYS_FIELDS'
2019-05-22T02:00:51.153614Z 0 [Note] Shutting down plugin 'INNODB_SYS_COLUMNS'
2019-05-22T02:00:51.153622Z 0 [Note] Shutting down plugin 'INNODB_SYS_INDEXES'
2019-05-22T02:00:51.153630Z 0 [Note] Shutting down plugin 'INNODB_SYS_TABLESTATS'
2019-05-22T02:00:51.153639Z 0 [Note] Shutting down plugin 'INNODB_SYS_TABLES'
2019-05-22T02:00:51.153648Z 0 [Note] Shutting down plugin 'INNODB_FT_INDEX_TABLE'
2019-05-22T02:00:51.153656Z 0 [Note] Shutting down plugin 'INNODB_FT_INDEX_CACHE'
2019-05-22T02:00:51.153804Z 0 [Note] Shutting down plugin 'INNODB_FT_CONFIG'
2019-05-22T02:00:51.153813Z 0 [Note] Shutting down plugin 'INNODB_FT_BEING_DELETED'
2019-05-22T02:00:51.153822Z 0 [Note] Shutting down plugin 'INNODB_FT_DELETED'
2019-05-22T02:00:51.153830Z 0 [Note] Shutting down plugin 'INNODB_FT_DEFAULT_STOPWORD'
2019-05-22T02:00:51.153838Z 0 [Note] Shutting down plugin 'INNODB_METRICS'
2019-05-22T02:00:51.153845Z 0 [Note] Shutting down plugin 'INNODB_TEMP_TABLE_INFO'
2019-05-22T02:00:51.153913Z 0 [Note] Shutting down plugin 'INNODB_BUFFER_POOL_STATS'
2019-05-22T02:00:51.153925Z 0 [Note] Shutting down plugin 'INNODB_BUFFER_PAGE_LRU'
2019-05-22T02:00:51.153933Z 0 [Note] Shutting down plugin 'INNODB_BUFFER_PAGE'
2019-05-22T02:00:51.153941Z 0 [Note] Shutting down plugin 'INNODB_CMP_PER_INDEX_RESET'
2019-05-22T02:00:51.153949Z 0 [Note] Shutting down plugin 'INNODB_CMP_PER_INDEX'
2019-05-22T02:00:51.153956Z 0 [Note] Shutting down plugin 'INNODB_CMPMEM_RESET'
2019-05-22T02:00:51.153964Z 0 [Note] Shutting down plugin 'INNODB_CMPMEM'
2019-05-22T02:00:51.153971Z 0 [Note] Shutting down plugin 'INNODB_CMP_RESET'
2019-05-22T02:00:51.153977Z 0 [Note] Shutting down plugin 'INNODB_CMP'
2019-05-22T02:00:51.153983Z 0 [Note] Shutting down plugin 'INNODB_LOCK_WAITS'
2019-05-22T02:00:51.153989Z 0 [Note] Shutting down plugin 'INNODB_LOCKS'
2019-05-22T02:00:51.153997Z 0 [Note] Shutting down plugin 'INNODB_TRX'
2019-05-22T02:00:51.154005Z 0 [Note] Shutting down plugin 'InnoDB'
2019-05-22T02:00:51.154390Z 0 [Note] InnoDB: FTS optimize thread exiting.
2019-05-22T02:00:51.154761Z 0 [Note] InnoDB: Starting shutdown...
2019-05-22T02:00:51.256106Z 0 [Note] InnoDB: Dumping buffer pool(s) to /var/lib/mysql/ib_buffer_pool
2019-05-22T02:00:51.256772Z 0 [Note] InnoDB: Buffer pool(s) dump completed at 190522  2:00:51
2019-05-22T02:00:52.567981Z 0 [Note] InnoDB: Shutdown completed; log sequence number 6777205
2019-05-22T02:00:52.570463Z 0 [Note] InnoDB: Removed temporary tablespace data file: "ibtmp1"
2019-05-22T02:00:52.570489Z 0 [Note] Shutting down plugin 'MEMORY'
2019-05-22T02:00:52.570497Z 0 [Note] Shutting down plugin 'CSV'
2019-05-22T02:00:52.570505Z 0 [Note] Shutting down plugin 'sha256_password'
2019-05-22T02:00:52.570510Z 0 [Note] Shutting down plugin 'mysql_native_password'
2019-05-22T02:00:52.570667Z 0 [Note] Shutting down plugin 'binlog'
2019-05-22T02:00:52.571397Z 0 [Note] /usr/sbin/mysqld: Shutdown complete

2019-05-22T23:05:03.482860Z 0 [Warning] TIMESTAMP with implicit DEFAULT value is deprecated. Please use --explicit_defaults_for_timestamp server option (see documentation for more details).
2019-05-22T23:05:03.483330Z 0 [Note] /usr/sbin/mysqld (mysqld 5.7.23) starting as process 74 ...
2019-05-22T23:05:03.506318Z 0 [Note] InnoDB: PUNCH HOLE support available
2019-05-22T23:05:03.506371Z 0 [Note] InnoDB: Mutexes and rw_locks use GCC atomic builtins
2019-05-22T23:05:03.506381Z 0 [Note] InnoDB: Uses event mutexes
2019-05-22T23:05:03.506389Z 0 [Note] InnoDB: GCC builtin __atomic_thread_fence() is used for memory barrier
2019-05-22T23:05:03.506396Z 0 [Note] InnoDB: Compressed tables use zlib 1.2.3
2019-05-22T23:05:03.506404Z 0 [Note] InnoDB: Using Linux native AIO
2019-05-22T23:05:03.506710Z 0 [Note] InnoDB: Number of pools: 1
2019-05-22T23:05:03.506885Z 0 [Note] InnoDB: Using CPU crc32 instructions
2019-05-22T23:05:03.509470Z 0 [Note] InnoDB: Initializing buffer pool, total size = 32M, instances = 1, chunk size = 32M
2019-05-22T23:05:03.526270Z 0 [Note] InnoDB: Completed initialization of buffer pool
2019-05-22T23:05:03.527962Z 0 [Note] InnoDB: If the mysqld execution user is authorized, page cleaner thread priority can be changed. See the man page of setpriority().
2019-05-22T23:05:03.541022Z 0 [Note] InnoDB: Highest supported file format is Barracuda.
2019-05-22T23:05:03.564244Z 0 [Note] InnoDB: Creating shared tablespace for temporary tables
2019-05-22T23:05:03.564350Z 0 [Note] InnoDB: Setting file './ibtmp1' size to 12 MB. Physically writing the file full; Please wait ...
2019-05-22T23:05:03.602755Z 0 [Note] InnoDB: File './ibtmp1' size is now 12 MB.
2019-05-22T23:05:03.603438Z 0 [Note] InnoDB: 96 redo rollback segment(s) found. 96 redo rollback segment(s) are active.
2019-05-22T23:05:03.603452Z 0 [Note] InnoDB: 32 non-redo rollback segment(s) are active.
2019-05-22T23:05:03.604069Z 0 [Note] InnoDB: Waiting for purge to start
2019-05-22T23:05:03.654539Z 0 [Note] InnoDB: 5.7.23 started; log sequence number 6777205
2019-05-22T23:05:03.655129Z 0 [Note] Plugin 'FEDERATED' is disabled.
2019-05-22T23:05:03.656744Z 0 [Warning] Failed to set up SSL because of the following SSL library error: SSL context is not usable without certificate and private key
2019-05-22T23:05:03.656776Z 0 [Note] Server hostname (bind-address): '*'; port: 3306
2019-05-22T23:05:03.656827Z 0 [Note] IPv6 is available.
2019-05-22T23:05:03.656842Z 0 [Note]   - '::' resolves to '::';
2019-05-22T23:05:03.656852Z 0 [Note] Server socket created on IP: '::'.
2019-05-22T23:05:03.664906Z 0 [Note] InnoDB: Loading buffer pool(s) from /var/lib/mysql/ib_buffer_pool
2019-05-22T23:05:03.666726Z 0 [Warning] 'user' entry 'root@localhost' ignored in --skip-name-resolve mode.
2019-05-22T23:05:03.666764Z 0 [Warning] 'user' entry 'mysql.session@localhost' ignored in --skip-name-resolve mode.
2019-05-22T23:05:03.666778Z 0 [Warning] 'user' entry 'mysql.sys@localhost' ignored in --skip-name-resolve mode.
2019-05-22T23:05:03.666807Z 0 [Warning] 'db' entry 'performance_schema mysql.session@localhost' ignored in --skip-name-resolve mode.
2019-05-22T23:05:03.666815Z 0 [Warning] 'db' entry 'sys mysql.sys@localhost' ignored in --skip-name-resolve mode.
2019-05-22T23:05:03.666828Z 0 [Warning] 'proxies_priv' entry '@ root@localhost' ignored in --skip-name-resolve mode.
2019-05-22T23:05:03.668472Z 0 [Warning] 'tables_priv' entry 'user mysql.session@localhost' ignored in --skip-name-resolve mode.
2019-05-22T23:05:03.668493Z 0 [Warning] 'tables_priv' entry 'sys_config mysql.sys@localhost' ignored in --skip-name-resolve mode.
2019-05-22T23:05:03.676623Z 0 [Note] InnoDB: Buffer pool(s) load completed at 190522 23:05:03
2019-05-22T23:05:03.687135Z 0 [Note] Event Scheduler: Loaded 0 events
2019-05-22T23:05:03.694033Z 0 [Note] /usr/sbin/mysqld: ready for connections.
Version: '5.7.23'  socket: '/var/run/mysqld/mysqld.sock'  port: 3306  MySQL Community Server (GPL)
2019-05-23T01:14:46.096260Z 0 [Note] InnoDB: page_cleaner: 1000ms intended loop took 5336926ms. The settings might not be optimal. (flushed=0 and evicted=0, during the time.)
2019-05-23T11:40:06.490260Z 0 [Note] InnoDB: page_cleaner: 1000ms intended loop took 34490297ms. The settings might not be optimal. (flushed=0 and evicted=0, during the time.)
2019-05-23T18:49:50.661316Z 0 [Note] InnoDB: page_cleaner: 1000ms intended loop took 24874246ms. The settings might not be optimal. (flushed=0 and evicted=0, during the time.)
2019-05-23T20:22:53.090432Z 0 [Note] InnoDB: page_cleaner: 1000ms intended loop took 4572520ms. The settings might not be optimal. (flushed=0 and evicted=0, during the time.)
2019-05-24T01:53:43.075371Z 0 [Note] InnoDB: page_cleaner: 1000ms intended loop took 16630233ms. The settings might not be optimal. (flushed=0 and evicted=0, during the time.)
2019-05-24T04:00:06.853681Z 0 [Note] InnoDB: page_cleaner: 1000ms intended loop took 641040ms. The settings might not be optimal. (flushed=0 and evicted=0, during the time.)
2019-05-24T05:48:41.773855Z 0 [Note] InnoDB: page_cleaner: 1000ms intended loop took 1170515ms. The settings might not be optimal. (flushed=0 and evicted=0, during the time.)
2019-05-24T19:35:11.650241Z 0 [Note] InnoDB: page_cleaner: 1000ms intended loop took 47227376ms. The settings might not be optimal. (flushed=0 and evicted=0, during the time.)
2019-05-24T20:33:01.992404Z 0 [Note] InnoDB: page_cleaner: 1000ms intended loop took 1810370ms. The settings might not be optimal. (flushed=0 and evicted=0, during the time.)
2019-05-24T22:01:29.905367Z 0 [Note] InnoDB: page_cleaner: 1000ms intended loop took 1998596ms. The settings might not be optimal. (flushed=0 and evicted=0, during the time.)
2019-05-25T15:14:21.864250Z 0 [Note] InnoDB: page_cleaner: 1000ms intended loop took 60872358ms. The settings might not be optimal. (flushed=0 and evicted=0, during the time.)
2019-05-25T20:54:20.116261Z 0 [Note] InnoDB: page_cleaner: 1000ms intended loop took 17218123ms. The settings might not be optimal. (flushed=0 and evicted=0, during the time.)
2019-05-26T12:06:16.189392Z 0 [Note] InnoDB: page_cleaner: 1000ms intended loop took 53796135ms. The settings might not be optimal. (flushed=0 and evicted=0, during the time.)
2019-05-26T13:55:52.566388Z 0 [Note] Giving 0 client threads a chance to die gracefully
2019-05-26T13:55:52.571048Z 0 [Note] Shutting down slave threads
2019-05-26T13:55:52.571104Z 0 [Note] Forcefully disconnecting 0 remaining clients
2019-05-26T13:55:52.571137Z 0 [Note] Event Scheduler: Purging the queue. 0 events
2019-05-26T13:55:52.571730Z 0 [Note] Binlog end
2019-05-26T13:55:52.577763Z 0 [Note] Shutting down plugin 'ngram'
2019-05-26T13:55:52.577943Z 0 [Note] Shutting down plugin 'partition'
2019-05-26T13:55:52.577971Z 0 [Note] Shutting down plugin 'BLACKHOLE'
2019-05-26T13:55:52.577996Z 0 [Note] Shutting down plugin 'ARCHIVE'
2019-05-26T13:55:52.578018Z 0 [Note] Shutting down plugin 'PERFORMANCE_SCHEMA'
2019-05-26T13:55:52.578098Z 0 [Note] Shutting down plugin 'MRG_MYISAM'
2019-05-26T13:55:52.578128Z 0 [Note] Shutting down plugin 'MyISAM'
2019-05-26T13:55:52.578175Z 0 [Note] Shutting down plugin 'INNODB_SYS_VIRTUAL'
2019-05-26T13:55:52.578205Z 0 [Note] Shutting down plugin 'INNODB_SYS_DATAFILES'
2019-05-26T13:55:52.578228Z 0 [Note] Shutting down plugin 'INNODB_SYS_TABLESPACES'
2019-05-26T13:55:52.578250Z 0 [Note] Shutting down plugin 'INNODB_SYS_FOREIGN_COLS'
2019-05-26T13:55:52.578273Z 0 [Note] Shutting down plugin 'INNODB_SYS_FOREIGN'
2019-05-26T13:55:52.578299Z 0 [Note] Shutting down plugin 'INNODB_SYS_FIELDS'
2019-05-26T13:55:52.578313Z 0 [Note] Shutting down plugin 'INNODB_SYS_COLUMNS'
2019-05-26T13:55:52.578464Z 0 [Note] Shutting down plugin 'INNODB_SYS_INDEXES'
2019-05-26T13:55:52.578503Z 0 [Note] Shutting down plugin 'INNODB_SYS_TABLESTATS'
2019-05-26T13:55:52.578525Z 0 [Note] Shutting down plugin 'INNODB_SYS_TABLES'
2019-05-26T13:55:52.578548Z 0 [Note] Shutting down plugin 'INNODB_FT_INDEX_TABLE'
2019-05-26T13:55:52.578570Z 0 [Note] Shutting down plugin 'INNODB_FT_INDEX_CACHE'
2019-05-26T13:55:52.578592Z 0 [Note] Shutting down plugin 'INNODB_FT_CONFIG'
2019-05-26T13:55:52.578615Z 0 [Note] Shutting down plugin 'INNODB_FT_BEING_DELETED'
2019-05-26T13:55:52.578638Z 0 [Note] Shutting down plugin 'INNODB_FT_DELETED'
2019-05-26T13:55:52.578661Z 0 [Note] Shutting down plugin 'INNODB_FT_DEFAULT_STOPWORD'
2019-05-26T13:55:52.578683Z 0 [Note] Shutting down plugin 'INNODB_METRICS'
2019-05-26T13:55:52.578704Z 0 [Note] Shutting down plugin 'INNODB_TEMP_TABLE_INFO'
2019-05-26T13:55:52.578747Z 0 [Note] Shutting down plugin 'INNODB_BUFFER_POOL_STATS'
2019-05-26T13:55:52.578909Z 0 [Note] Shutting down plugin 'INNODB_BUFFER_PAGE_LRU'
2019-05-26T13:55:52.578937Z 0 [Note] Shutting down plugin 'INNODB_BUFFER_PAGE'
2019-05-26T13:55:52.578949Z 0 [Note] Shutting down plugin 'INNODB_CMP_PER_INDEX_RESET'
2019-05-26T13:55:52.578961Z 0 [Note] Shutting down plugin 'INNODB_CMP_PER_INDEX'
2019-05-26T13:55:52.578972Z 0 [Note] Shutting down plugin 'INNODB_CMPMEM_RESET'
2019-05-26T13:55:52.578983Z 0 [Note] Shutting down plugin 'INNODB_CMPMEM'
2019-05-26T13:55:52.578997Z 0 [Note] Shutting down plugin 'INNODB_CMP_RESET'
2019-05-26T13:55:52.579020Z 0 [Note] Shutting down plugin 'INNODB_CMP'
2019-05-26T13:55:52.579043Z 0 [Note] Shutting down plugin 'INNODB_LOCK_WAITS'
2019-05-26T13:55:52.579063Z 0 [Note] Shutting down plugin 'INNODB_LOCKS'
2019-05-26T13:55:52.579081Z 0 [Note] Shutting down plugin 'INNODB_TRX'
2019-05-26T13:55:52.579093Z 0 [Note] Shutting down plugin 'InnoDB'
2019-05-26T13:55:52.581671Z 0 [Note] InnoDB: FTS optimize thread exiting.
2019-05-26T13:55:52.582329Z 0 [Note] InnoDB: Starting shutdown...
2019-05-26T13:55:52.684122Z 0 [Note] InnoDB: Dumping buffer pool(s) to /var/lib/mysql/ib_buffer_pool
2019-05-26T13:55:52.684659Z 0 [Note] InnoDB: Buffer pool(s) dump completed at 190526 13:55:52
2019-05-26T13:56:09.993865Z 0 [Warning] TIMESTAMP with implicit DEFAULT value is deprecated. Please use --explicit_defaults_for_timestamp server option (see documentation for more details).
2019-05-26T13:56:09.994183Z 0 [Note] /usr/sbin/mysqld (mysqld 5.7.23) starting as process 77 ...
2019-05-26T13:56:09.998008Z 0 [Note] InnoDB: PUNCH HOLE support available
2019-05-26T13:56:09.998069Z 0 [Note] InnoDB: Mutexes and rw_locks use GCC atomic builtins
2019-05-26T13:56:09.998078Z 0 [Note] InnoDB: Uses event mutexes
2019-05-26T13:56:09.998083Z 0 [Note] InnoDB: GCC builtin __atomic_thread_fence() is used for memory barrier
2019-05-26T13:56:09.998088Z 0 [Note] InnoDB: Compressed tables use zlib 1.2.3
2019-05-26T13:56:09.998092Z 0 [Note] InnoDB: Using Linux native AIO
2019-05-26T13:56:09.998281Z 0 [Note] InnoDB: Number of pools: 1
2019-05-26T13:56:09.998372Z 0 [Note] InnoDB: Using CPU crc32 instructions
2019-05-26T13:56:09.999744Z 0 [Note] InnoDB: Initializing buffer pool, total size = 32M, instances = 1, chunk size = 32M
2019-05-26T13:56:10.004151Z 0 [Note] InnoDB: Completed initialization of buffer pool
2019-05-26T13:56:10.013219Z 0 [Note] InnoDB: If the mysqld execution user is authorized, page cleaner thread priority can be changed. See the man page of setpriority().
2019-05-26T13:56:10.016355Z 0 [Note] InnoDB: Highest supported file format is Barracuda.
2019-05-26T13:56:10.037776Z 0 [Note] InnoDB: Removed temporary tablespace data file: "ibtmp1"
2019-05-26T13:56:10.037837Z 0 [Note] InnoDB: Creating shared tablespace for temporary tables
2019-05-26T13:56:10.037943Z 0 [Note] InnoDB: Setting file './ibtmp1' size to 12 MB. Physically writing the file full; Please wait ...
2019-05-26T13:56:10.067343Z 0 [Note] InnoDB: File './ibtmp1' size is now 12 MB.
2019-05-26T13:56:10.068030Z 0 [Note] InnoDB: 96 redo rollback segment(s) found. 96 redo rollback segment(s) are active.
2019-05-26T13:56:10.068044Z 0 [Note] InnoDB: 32 non-redo rollback segment(s) are active.
2019-05-26T13:56:10.068592Z 0 [Note] InnoDB: Waiting for purge to start
2019-05-26T13:56:10.119462Z 0 [Note] InnoDB: 5.7.23 started; log sequence number 8430109
2019-05-26T13:56:10.119987Z 0 [Note] Plugin 'FEDERATED' is disabled.
2019-05-26T13:56:10.122034Z 0 [Warning] Failed to set up SSL because of the following SSL library error: SSL context is not usable without certificate and private key
2019-05-26T13:56:10.122056Z 0 [Note] Server hostname (bind-address): '*'; port: 3306
2019-05-26T13:56:10.122098Z 0 [Note] IPv6 is available.
2019-05-26T13:56:10.122110Z 0 [Note]   - '::' resolves to '::';
2019-05-26T13:56:10.122119Z 0 [Note] Server socket created on IP: '::'.
2019-05-26T13:56:10.124351Z 0 [Note] InnoDB: Loading buffer pool(s) from /var/lib/mysql/ib_buffer_pool
2019-05-26T13:56:10.125923Z 0 [Warning] 'user' entry 'root@localhost' ignored in --skip-name-resolve mode.
2019-05-26T13:56:10.125954Z 0 [Warning] 'user' entry 'mysql.session@localhost' ignored in --skip-name-resolve mode.
2019-05-26T13:56:10.125966Z 0 [Warning] 'user' entry 'mysql.sys@localhost' ignored in --skip-name-resolve mode.
2019-05-26T13:56:10.125990Z 0 [Warning] 'db' entry 'performance_schema mysql.session@localhost' ignored in --skip-name-resolve mode.
2019-05-26T13:56:10.125997Z 0 [Warning] 'db' entry 'sys mysql.sys@localhost' ignored in --skip-name-resolve mode.
2019-05-26T13:56:10.126009Z 0 [Warning] 'proxies_priv' entry '@ root@localhost' ignored in --skip-name-resolve mode.
2019-05-26T13:56:10.127474Z 0 [Warning] 'tables_priv' entry 'user mysql.session@localhost' ignored in --skip-name-resolve mode.
2019-05-26T13:56:10.127490Z 0 [Warning] 'tables_priv' entry 'sys_config mysql.sys@localhost' ignored in --skip-name-resolve mode.
2019-05-26T13:56:10.135388Z 0 [Note] InnoDB: Buffer pool(s) load completed at 190526 13:56:10
2019-05-26T13:56:10.144748Z 0 [Note] Event Scheduler: Loaded 0 events
2019-05-26T13:56:10.153537Z 0 [Note] /usr/sbin/mysqld: ready for connections.
Version: '5.7.23'  socket: '/var/run/mysqld/mysqld.sock'  port: 3306  MySQL Community Server (GPL)
2019-06-26T17:09:36.888153Z 0 [Warning] TIMESTAMP with implicit DEFAULT value is deprecated. Please use --explicit_defaults_for_timestamp server option (see documentation for more details).
2019-06-26T17:09:36.888855Z 0 [Note] /usr/sbin/mysqld (mysqld 5.7.23) starting as process 75 ...
2019-06-26T17:09:36.900993Z 0 [Note] InnoDB: PUNCH HOLE support available
2019-06-26T17:09:36.901022Z 0 [Note] InnoDB: Mutexes and rw_locks use GCC atomic builtins
2019-06-26T17:09:36.901028Z 0 [Note] InnoDB: Uses event mutexes
2019-06-26T17:09:36.901034Z 0 [Note] InnoDB: GCC builtin __atomic_thread_fence() is used for memory barrier
2019-06-26T17:09:36.901039Z 0 [Note] InnoDB: Compressed tables use zlib 1.2.3
2019-06-26T17:09:36.901043Z 0 [Note] InnoDB: Using Linux native AIO
2019-06-26T17:09:36.901251Z 0 [Note] InnoDB: Number of pools: 1
2019-06-26T17:09:36.901346Z 0 [Note] InnoDB: Using CPU crc32 instructions
2019-06-26T17:09:36.902744Z 0 [Note] InnoDB: Initializing buffer pool, total size = 32M, instances = 1, chunk size = 32M
2019-06-26T17:09:36.904324Z 0 [Note] InnoDB: Completed initialization of buffer pool
2019-06-26T17:09:36.911370Z 0 [Note] InnoDB: If the mysqld execution user is authorized, page cleaner thread priority can be changed. See the man page of setpriority().
2019-06-26T17:09:36.933198Z 0 [Note] InnoDB: Highest supported file format is Barracuda.
2019-06-26T17:09:36.943422Z 0 [Note] InnoDB: The log sequence number 8430109 in the system tablespace does not match the log sequence number 9307782 in the ib_logfiles!
2019-06-26T17:09:36.943438Z 0 [Note] InnoDB: Database was not shutdown normally!
2019-06-26T17:09:36.943443Z 0 [Note] InnoDB: Starting crash recovery.
2019-06-26T17:09:37.157708Z 0 [Note] InnoDB: Removed temporary tablespace data file: "ibtmp1"
2019-06-26T17:09:37.157729Z 0 [Note] InnoDB: Creating shared tablespace for temporary tables
2019-06-26T17:09:37.157782Z 0 [Note] InnoDB: Setting file './ibtmp1' size to 12 MB. Physically writing the file full; Please wait ...
2019-06-26T17:09:37.194354Z 0 [Note] InnoDB: File './ibtmp1' size is now 12 MB.
2019-06-26T17:09:37.195052Z 0 [Note] InnoDB: 96 redo rollback segment(s) found. 96 redo rollback segment(s) are active.
2019-06-26T17:09:37.195063Z 0 [Note] InnoDB: 32 non-redo rollback segment(s) are active.
2019-06-26T17:09:37.195472Z 0 [Note] InnoDB: Waiting for purge to start
2019-06-26T17:09:37.246624Z 0 [Note] InnoDB: 5.7.23 started; log sequence number 9307782
2019-06-26T17:09:37.246857Z 0 [Note] Plugin 'FEDERATED' is disabled.
2019-06-26T17:09:37.248051Z 0 [Warning] Failed to set up SSL because of the following SSL library error: SSL context is not usable without certificate and private key
2019-06-26T17:09:37.248066Z 0 [Note] Server hostname (bind-address): '*'; port: 3306
2019-06-26T17:09:37.248110Z 0 [Note] IPv6 is available.
2019-06-26T17:09:37.248120Z 0 [Note]   - '::' resolves to '::';
2019-06-26T17:09:37.248127Z 0 [Note] Server socket created on IP: '::'.
2019-06-26T17:09:37.251492Z 0 [Warning] 'user' entry 'root@localhost' ignored in --skip-name-resolve mode.
2019-06-26T17:09:37.251522Z 0 [Warning] 'user' entry 'mysql.session@localhost' ignored in --skip-name-resolve mode.
2019-06-26T17:09:37.251532Z 0 [Warning] 'user' entry 'mysql.sys@localhost' ignored in --skip-name-resolve mode.
2019-06-26T17:09:37.251554Z 0 [Warning] 'db' entry 'performance_schema mysql.session@localhost' ignored in --skip-name-resolve mode.
2019-06-26T17:09:37.251559Z 0 [Warning] 'db' entry 'sys mysql.sys@localhost' ignored in --skip-name-resolve mode.
2019-06-26T17:09:37.251569Z 0 [Warning] 'proxies_priv' entry '@ root@localhost' ignored in --skip-name-resolve mode.
2019-06-26T17:09:37.252848Z 0 [Warning] 'tables_priv' entry 'user mysql.session@localhost' ignored in --skip-name-resolve mode.
2019-06-26T17:09:37.252869Z 0 [Warning] 'tables_priv' entry 'sys_config mysql.sys@localhost' ignored in --skip-name-resolve mode.
2019-06-26T17:09:37.257598Z 0 [Note] InnoDB: Loading buffer pool(s) from /var/lib/mysql/ib_buffer_pool
2019-06-26T17:09:37.270465Z 0 [Note] Event Scheduler: Loaded 0 events
2019-06-26T17:09:37.270785Z 0 [Note] /usr/sbin/mysqld: ready for connections.
Version: '5.7.23'  socket: '/var/run/mysqld/mysqld.sock'  port: 3306  MySQL Community Server (GPL)
2019-06-26T17:09:37.280783Z 0 [Note] InnoDB: Buffer pool(s) load completed at 190626 17:09:37
2019-06-26T20:33:52.934663Z 0 [Note] InnoDB: page_cleaner: 1000ms intended loop took 9713675ms. The settings might not be optimal. (flushed=0 and evicted=0, during the time.)
2019-06-26T21:22:53.502796Z 0 [Note] InnoDB: page_cleaner: 1000ms intended loop took 1760611ms. The settings might not be optimal. (flushed=0 and evicted=0, during the time.)
2019-06-26T23:09:53.080539Z 0 [Note] InnoDB: page_cleaner: 1000ms intended loop took 4249915ms. The settings might not be optimal. (flushed=0 and evicted=0, during the time.)
2019-06-27T00:20:12.825615Z 0 [Note] InnoDB: page_cleaner: 1000ms intended loop took 3310336ms. The settings might not be optimal. (flushed=0 and evicted=0, during the time.)
2019-06-29T17:36:48.318938Z 0 [Note] InnoDB: page_cleaner: 1000ms intended loop took 234656070ms. The settings might not be optimal. (flushed=0 and evicted=0, during the time.)
2019-06-30T21:09:02.533604Z 0 [Note] InnoDB: page_cleaner: 1000ms intended loop took 97253083ms. The settings might not be optimal. (flushed=0 and evicted=0, during the time.)
2019-08-15T00:48:30.855553Z 0 [Warning] TIMESTAMP with implicit DEFAULT value is deprecated. Please use --explicit_defaults_for_timestamp server option (see documentation for more details).
2019-08-15T00:48:30.860171Z 0 [Note] /usr/sbin/mysqld (mysqld 5.7.23) starting as process 78 ...
2019-08-15T00:48:30.894229Z 0 [Note] InnoDB: PUNCH HOLE support available
2019-08-15T00:48:30.894263Z 0 [Note] InnoDB: Mutexes and rw_locks use GCC atomic builtins
2019-08-15T00:48:30.894268Z 0 [Note] InnoDB: Uses event mutexes
2019-08-15T00:48:30.894272Z 0 [Note] InnoDB: GCC builtin __atomic_thread_fence() is used for memory barrier
2019-08-15T00:48:30.894277Z 0 [Note] InnoDB: Compressed tables use zlib 1.2.3
2019-08-15T00:48:30.894281Z 0 [Note] InnoDB: Using Linux native AIO
2019-08-15T00:48:30.896629Z 0 [Note] InnoDB: Number of pools: 1
2019-08-15T00:48:30.900871Z 0 [Note] InnoDB: Using CPU crc32 instructions
2019-08-15T00:48:30.903999Z 0 [Note] InnoDB: Initializing buffer pool, total size = 32M, instances = 1, chunk size = 32M
2019-08-15T00:48:30.907759Z 0 [Note] InnoDB: Completed initialization of buffer pool
2019-08-15T00:48:30.912792Z 0 [Note] InnoDB: If the mysqld execution user is authorized, page cleaner thread priority can be changed. See the man page of setpriority().
2019-08-15T00:48:30.927965Z 0 [Note] InnoDB: Highest supported file format is Barracuda.
2019-08-15T00:48:30.984354Z 0 [Note] InnoDB: Creating shared tablespace for temporary tables
2019-08-15T00:48:30.984452Z 0 [Note] InnoDB: Setting file './ibtmp1' size to 12 MB. Physically writing the file full; Please wait ...
2019-08-15T00:48:31.015276Z 0 [Note] InnoDB: File './ibtmp1' size is now 12 MB.
2019-08-15T00:48:31.015866Z 0 [Note] InnoDB: 96 redo rollback segment(s) found. 96 redo rollback segment(s) are active.
2019-08-15T00:48:31.015882Z 0 [Note] InnoDB: 32 non-redo rollback segment(s) are active.
2019-08-15T00:48:31.016405Z 0 [Note] InnoDB: Waiting for purge to start
2019-08-15T00:48:31.066721Z 0 [Note] InnoDB: 5.7.23 started; log sequence number 9309354
2019-08-15T00:48:31.067888Z 0 [Note] Plugin 'FEDERATED' is disabled.
2019-08-15T00:48:31.069401Z 0 [Note] InnoDB: Loading buffer pool(s) from /var/lib/mysql/ib_buffer_pool
2019-08-15T00:48:31.083380Z 0 [Warning] Failed to set up SSL because of the following SSL library error: SSL context is not usable without certificate and private key
2019-08-15T00:48:31.083404Z 0 [Note] Server hostname (bind-address): '*'; port: 3306
2019-08-15T00:48:31.083954Z 0 [Note] IPv6 is available.
2019-08-15T00:48:31.084875Z 0 [Note]   - '::' resolves to '::';
2019-08-15T00:48:31.084895Z 0 [Note] Server socket created on IP: '::'.
2019-08-15T00:48:31.103813Z 0 [Warning] 'user' entry 'root@localhost' ignored in --skip-name-resolve mode.
2019-08-15T00:48:31.104011Z 0 [Warning] 'user' entry 'mysql.session@localhost' ignored in --skip-name-resolve mode.
2019-08-15T00:48:31.104038Z 0 [Warning] 'user' entry 'mysql.sys@localhost' ignored in --skip-name-resolve mode.
2019-08-15T00:48:31.104434Z 0 [Warning] 'db' entry 'performance_schema mysql.session@localhost' ignored in --skip-name-resolve mode.
2019-08-15T00:48:31.104450Z 0 [Warning] 'db' entry 'sys mysql.sys@localhost' ignored in --skip-name-resolve mode.
2019-08-15T00:48:31.105249Z 0 [Warning] 'proxies_priv' entry '@ root@localhost' ignored in --skip-name-resolve mode.
2019-08-15T00:48:31.143090Z 0 [Note] InnoDB: Buffer pool(s) load completed at 190815  0:48:31
2019-08-15T00:48:31.151755Z 0 [Warning] 'tables_priv' entry 'user mysql.session@localhost' ignored in --skip-name-resolve mode.
2019-08-15T00:48:31.151786Z 0 [Warning] 'tables_priv' entry 'sys_config mysql.sys@localhost' ignored in --skip-name-resolve mode.
2019-08-15T00:48:31.196898Z 0 [Note] Event Scheduler: Loaded 0 events
2019-08-15T00:48:31.202511Z 0 [Note] /usr/sbin/mysqld: ready for connections.
Version: '5.7.23'  socket: '/var/run/mysqld/mysqld.sock'  port: 3306  MySQL Community Server (GPL)
2019-08-15T01:25:44.796019Z 0 [Note] Giving 1 client threads a chance to die gracefully
2019-08-15T01:25:44.797218Z 0 [Note] Shutting down slave threads
2019-08-15T01:25:46.797316Z 0 [Note] Forcefully disconnecting 0 remaining clients
2019-08-15T01:25:46.797379Z 0 [Note] Event Scheduler: Purging the queue. 0 events
2019-08-15T01:25:46.797511Z 0 [Note] Binlog end
2019-08-15T01:25:46.799587Z 0 [Note] Shutting down plugin 'ngram'
2019-08-15T01:25:46.799612Z 0 [Note] Shutting down plugin 'partition'
2019-08-15T01:25:46.799619Z 0 [Note] Shutting down plugin 'BLACKHOLE'
2019-08-15T01:25:46.799626Z 0 [Note] Shutting down plugin 'ARCHIVE'
2019-08-15T01:25:46.799631Z 0 [Note] Shutting down plugin 'PERFORMANCE_SCHEMA'
2019-08-15T01:25:46.799658Z 0 [Note] Shutting down plugin 'MRG_MYISAM'
2019-08-15T01:25:46.799665Z 0 [Note] Shutting down plugin 'MyISAM'
2019-08-15T01:25:46.799680Z 0 [Note] Shutting down plugin 'INNODB_SYS_VIRTUAL'
2019-08-15T01:25:46.799688Z 0 [Note] Shutting down plugin 'INNODB_SYS_DATAFILES'
2019-08-15T01:25:46.799693Z 0 [Note] Shutting down plugin 'INNODB_SYS_TABLESPACES'
2019-08-15T01:25:46.799698Z 0 [Note] Shutting down plugin 'INNODB_SYS_FOREIGN_COLS'
2019-08-15T01:25:46.799703Z 0 [Note] Shutting down plugin 'INNODB_SYS_FOREIGN'
2019-08-15T01:25:46.799708Z 0 [Note] Shutting down plugin 'INNODB_SYS_FIELDS'
2019-08-15T01:25:46.799713Z 0 [Note] Shutting down plugin 'INNODB_SYS_COLUMNS'
2019-08-15T01:25:46.799718Z 0 [Note] Shutting down plugin 'INNODB_SYS_INDEXES'
2019-08-15T01:25:46.799723Z 0 [Note] Shutting down plugin 'INNODB_SYS_TABLESTATS'
2019-08-15T01:25:46.799738Z 0 [Note] Shutting down plugin 'INNODB_SYS_TABLES'
2019-08-15T01:25:46.799744Z 0 [Note] Shutting down plugin 'INNODB_FT_INDEX_TABLE'
2019-08-15T01:25:46.799749Z 0 [Note] Shutting down plugin 'INNODB_FT_INDEX_CACHE'
2019-08-15T01:25:46.799754Z 0 [Note] Shutting down plugin 'INNODB_FT_CONFIG'
2019-08-15T01:25:46.799759Z 0 [Note] Shutting down plugin 'INNODB_FT_BEING_DELETED'
2019-08-15T01:25:46.799764Z 0 [Note] Shutting down plugin 'INNODB_FT_DELETED'
2019-08-15T01:25:46.799769Z 0 [Note] Shutting down plugin 'INNODB_FT_DEFAULT_STOPWORD'
2019-08-15T01:25:46.799774Z 0 [Note] Shutting down plugin 'INNODB_METRICS'
2019-08-15T01:25:46.799779Z 0 [Note] Shutting down plugin 'INNODB_TEMP_TABLE_INFO'
2019-08-15T01:25:46.799784Z 0 [Note] Shutting down plugin 'INNODB_BUFFER_POOL_STATS'
2019-08-15T01:25:46.799789Z 0 [Note] Shutting down plugin 'INNODB_BUFFER_PAGE_LRU'
2019-08-15T01:25:46.799793Z 0 [Note] Shutting down plugin 'INNODB_BUFFER_PAGE'
2019-08-15T01:25:46.799798Z 0 [Note] Shutting down plugin 'INNODB_CMP_PER_INDEX_RESET'
2019-08-15T01:25:46.799803Z 0 [Note] Shutting down plugin 'INNODB_CMP_PER_INDEX'
2019-08-15T01:25:46.799808Z 0 [Note] Shutting down plugin 'INNODB_CMPMEM_RESET'
2019-08-15T01:25:46.799813Z 0 [Note] Shutting down plugin 'INNODB_CMPMEM'
2019-08-15T01:25:46.799818Z 0 [Note] Shutting down plugin 'INNODB_CMP_RESET'
2019-08-15T01:25:46.799822Z 0 [Note] Shutting down plugin 'INNODB_CMP'
2019-08-15T01:25:46.799827Z 0 [Note] Shutting down plugin 'INNODB_LOCK_WAITS'
2019-08-15T01:25:46.799832Z 0 [Note] Shutting down plugin 'INNODB_LOCKS'
2019-08-15T01:25:46.799837Z 0 [Note] Shutting down plugin 'INNODB_TRX'
2019-08-15T01:25:46.799842Z 0 [Note] Shutting down plugin 'InnoDB'
2019-08-15T01:25:46.799999Z 0 [Note] InnoDB: FTS optimize thread exiting.
2019-08-15T01:25:46.800245Z 0 [Note] InnoDB: Starting shutdown...
2019-08-15T01:25:46.905219Z 0 [Note] InnoDB: Dumping buffer pool(s) to /var/lib/mysql/ib_buffer_pool
2019-08-15T01:25:46.905640Z 0 [Note] InnoDB: Buffer pool(s) dump completed at 190815  1:25:46
2019-08-15T01:25:56.352223Z 0 [Warning] TIMESTAMP with implicit DEFAULT value is deprecated. Please use --explicit_defaults_for_timestamp server option (see documentation for more details).
2019-08-15T01:25:56.352659Z 0 [Note] /usr/sbin/mysqld (mysqld 5.7.23) starting as process 80 ...
2019-08-15T01:25:56.377785Z 0 [Note] InnoDB: PUNCH HOLE support available
2019-08-15T01:25:56.377830Z 0 [Note] InnoDB: Mutexes and rw_locks use GCC atomic builtins
2019-08-15T01:25:56.377839Z 0 [Note] InnoDB: Uses event mutexes
2019-08-15T01:25:56.377846Z 0 [Note] InnoDB: GCC builtin __atomic_thread_fence() is used for memory barrier
2019-08-15T01:25:56.377854Z 0 [Note] InnoDB: Compressed tables use zlib 1.2.3
2019-08-15T01:25:56.377861Z 0 [Note] InnoDB: Using Linux native AIO
2019-08-15T01:25:56.378154Z 0 [Note] InnoDB: Number of pools: 1
2019-08-15T01:25:56.378291Z 0 [Note] InnoDB: Using CPU crc32 instructions
2019-08-15T01:25:56.380570Z 0 [Note] InnoDB: Initializing buffer pool, total size = 32M, instances = 1, chunk size = 32M
2019-08-15T01:25:56.403949Z 0 [Note] InnoDB: Completed initialization of buffer pool
2019-08-15T01:25:56.409527Z 0 [Note] InnoDB: If the mysqld execution user is authorized, page cleaner thread priority can be changed. See the man page of setpriority().
2019-08-15T01:25:56.421523Z 0 [Note] InnoDB: Highest supported file format is Barracuda.
2019-08-15T01:25:56.432836Z 0 [Note] InnoDB: Log scan progressed past the checkpoint lsn 9901484
2019-08-15T01:25:56.432881Z 0 [Note] InnoDB: Doing recovery: scanned up to log sequence number 9901493
2019-08-15T01:25:56.432893Z 0 [Note] InnoDB: Database was not shutdown normally!
2019-08-15T01:25:56.432901Z 0 [Note] InnoDB: Starting crash recovery.
2019-08-15T01:25:56.575382Z 0 [Note] InnoDB: Removed temporary tablespace data file: "ibtmp1"
2019-08-15T01:25:56.575442Z 0 [Note] InnoDB: Creating shared tablespace for temporary tables
2019-08-15T01:25:56.575596Z 0 [Note] InnoDB: Setting file './ibtmp1' size to 12 MB. Physically writing the file full; Please wait ...
2019-08-15T01:25:56.618674Z 0 [Note] InnoDB: File './ibtmp1' size is now 12 MB.
2019-08-15T01:25:56.621057Z 0 [Note] InnoDB: 96 redo rollback segment(s) found. 96 redo rollback segment(s) are active.
2019-08-15T01:25:56.621101Z 0 [Note] InnoDB: 32 non-redo rollback segment(s) are active.
2019-08-15T01:25:56.622287Z 0 [Note] InnoDB: Waiting for purge to start
2019-08-15T01:25:56.678446Z 0 [Note] InnoDB: 5.7.23 started; log sequence number 9901493
2019-08-15T01:25:56.678925Z 0 [Note] Plugin 'FEDERATED' is disabled.
2019-08-15T01:25:56.680576Z 0 [Warning] Failed to set up SSL because of the following SSL library error: SSL context is not usable without certificate and private key
2019-08-15T01:25:56.680600Z 0 [Note] Server hostname (bind-address): '*'; port: 3306
2019-08-15T01:25:56.680662Z 0 [Note] IPv6 is available.
2019-08-15T01:25:56.680680Z 0 [Note]   - '::' resolves to '::';
2019-08-15T01:25:56.680693Z 0 [Note] Server socket created on IP: '::'.
2019-08-15T01:25:56.682993Z 0 [Note] InnoDB: Loading buffer pool(s) from /var/lib/mysql/ib_buffer_pool
2019-08-15T01:25:56.687347Z 0 [Warning] 'user' entry 'root@localhost' ignored in --skip-name-resolve mode.
2019-08-15T01:25:56.687400Z 0 [Warning] 'user' entry 'mysql.session@localhost' ignored in --skip-name-resolve mode.
2019-08-15T01:25:56.687419Z 0 [Warning] 'user' entry 'mysql.sys@localhost' ignored in --skip-name-resolve mode.
2019-08-15T01:25:56.687455Z 0 [Warning] 'db' entry 'performance_schema mysql.session@localhost' ignored in --skip-name-resolve mode.
2019-08-15T01:25:56.687465Z 0 [Warning] 'db' entry 'sys mysql.sys@localhost' ignored in --skip-name-resolve mode.
2019-08-15T01:25:56.687482Z 0 [Warning] 'proxies_priv' entry '@ root@localhost' ignored in --skip-name-resolve mode.
2019-08-15T01:25:56.690430Z 0 [Note] InnoDB: Buffer pool(s) load completed at 190815  1:25:56
2019-08-15T01:25:56.701840Z 0 [Warning] 'tables_priv' entry 'user mysql.session@localhost' ignored in --skip-name-resolve mode.
2019-08-15T01:25:56.701891Z 0 [Warning] 'tables_priv' entry 'sys_config mysql.sys@localhost' ignored in --skip-name-resolve mode.
2019-08-15T01:25:56.726925Z 0 [Note] Event Scheduler: Loaded 0 events
2019-08-15T01:25:56.744793Z 0 [Note] /usr/sbin/mysqld: ready for connections.
Version: '5.7.23'  socket: '/var/run/mysqld/mysqld.sock'  port: 3306  MySQL Community Server (GPL)
2019-08-15T01:29:02.721363Z 0 [Note] Giving 0 client threads a chance to die gracefully
2019-08-15T01:29:02.721893Z 0 [Note] Shutting down slave threads
2019-08-15T01:29:02.721907Z 0 [Note] Forcefully disconnecting 0 remaining clients
2019-08-15T01:29:02.721916Z 0 [Note] Event Scheduler: Purging the queue. 0 events
2019-08-15T01:29:02.722185Z 0 [Note] Binlog end
2019-08-15T01:29:02.726646Z 0 [Note] Shutting down plugin 'ngram'
2019-08-15T01:29:02.726675Z 0 [Note] Shutting down plugin 'partition'
2019-08-15T01:29:02.726681Z 0 [Note] Shutting down plugin 'BLACKHOLE'
2019-08-15T01:29:02.726686Z 0 [Note] Shutting down plugin 'ARCHIVE'
2019-08-15T01:29:02.726690Z 0 [Note] Shutting down plugin 'PERFORMANCE_SCHEMA'
2019-08-15T01:29:02.726716Z 0 [Note] Shutting down plugin 'MRG_MYISAM'
2019-08-15T01:29:02.726725Z 0 [Note] Shutting down plugin 'MyISAM'
2019-08-15T01:29:02.726739Z 0 [Note] Shutting down plugin 'INNODB_SYS_VIRTUAL'
2019-08-15T01:29:02.726745Z 0 [Note] Shutting down plugin 'INNODB_SYS_DATAFILES'
2019-08-15T01:29:02.726749Z 0 [Note] Shutting down plugin 'INNODB_SYS_TABLESPACES'
2019-08-15T01:29:02.726753Z 0 [Note] Shutting down plugin 'INNODB_SYS_FOREIGN_COLS'
2019-08-15T01:29:02.726757Z 0 [Note] Shutting down plugin 'INNODB_SYS_FOREIGN'
2019-08-15T01:29:02.726761Z 0 [Note] Shutting down plugin 'INNODB_SYS_FIELDS'
2019-08-15T01:29:02.726765Z 0 [Note] Shutting down plugin 'INNODB_SYS_COLUMNS'
2019-08-15T01:29:02.726769Z 0 [Note] Shutting down plugin 'INNODB_SYS_INDEXES'
2019-08-15T01:29:02.726773Z 0 [Note] Shutting down plugin 'INNODB_SYS_TABLESTATS'
2019-08-15T01:29:02.726777Z 0 [Note] Shutting down plugin 'INNODB_SYS_TABLES'
2019-08-15T01:29:02.726781Z 0 [Note] Shutting down plugin 'INNODB_FT_INDEX_TABLE'
2019-08-15T01:29:02.726792Z 0 [Note] Shutting down plugin 'INNODB_FT_INDEX_CACHE'
2019-08-15T01:29:02.726797Z 0 [Note] Shutting down plugin 'INNODB_FT_CONFIG'
2019-08-15T01:29:02.726801Z 0 [Note] Shutting down plugin 'INNODB_FT_BEING_DELETED'
2019-08-15T01:29:02.726805Z 0 [Note] Shutting down plugin 'INNODB_FT_DELETED'
2019-08-15T01:29:02.726809Z 0 [Note] Shutting down plugin 'INNODB_FT_DEFAULT_STOPWORD'
2019-08-15T01:29:02.726813Z 0 [Note] Shutting down plugin 'INNODB_METRICS'
2019-08-15T01:29:02.726817Z 0 [Note] Shutting down plugin 'INNODB_TEMP_TABLE_INFO'
2019-08-15T01:29:02.726821Z 0 [Note] Shutting down plugin 'INNODB_BUFFER_POOL_STATS'
2019-08-15T01:29:02.726825Z 0 [Note] Shutting down plugin 'INNODB_BUFFER_PAGE_LRU'
2019-08-15T01:29:02.726829Z 0 [Note] Shutting down plugin 'INNODB_BUFFER_PAGE'
2019-08-15T01:29:02.726833Z 0 [Note] Shutting down plugin 'INNODB_CMP_PER_INDEX_RESET'
2019-08-15T01:29:02.726837Z 0 [Note] Shutting down plugin 'INNODB_CMP_PER_INDEX'
2019-08-15T01:29:02.726841Z 0 [Note] Shutting down plugin 'INNODB_CMPMEM_RESET'
2019-08-15T01:29:02.726845Z 0 [Note] Shutting down plugin 'INNODB_CMPMEM'
2019-08-15T01:29:02.726849Z 0 [Note] Shutting down plugin 'INNODB_CMP_RESET'
2019-08-15T01:29:02.726853Z 0 [Note] Shutting down plugin 'INNODB_CMP'
2019-08-15T01:29:02.726857Z 0 [Note] Shutting down plugin 'INNODB_LOCK_WAITS'
2019-08-15T01:29:02.726860Z 0 [Note] Shutting down plugin 'INNODB_LOCKS'
2019-08-15T01:29:02.726864Z 0 [Note] Shutting down plugin 'INNODB_TRX'
2019-08-15T01:29:02.726868Z 0 [Note] Shutting down plugin 'InnoDB'
2019-08-15T01:29:02.727716Z 0 [Note] InnoDB: FTS optimize thread exiting.
2019-08-15T01:29:02.727898Z 0 [Note] InnoDB: Starting shutdown...
2019-08-15T01:29:02.828553Z 0 [Note] InnoDB: Dumping buffer pool(s) to /var/lib/mysql/ib_buffer_pool
2019-08-15T01:29:02.828850Z 0 [Note] InnoDB: Buffer pool(s) dump completed at 190815  1:29:02
2019-08-15T01:29:04.244678Z 0 [Note] InnoDB: Shutdown completed; log sequence number 9902977
2019-08-15T01:29:04.246683Z 0 [Note] InnoDB: Removed temporary tablespace data file: "ibtmp1"
2019-08-15T01:29:04.246698Z 0 [Note] Shutting down plugin 'MEMORY'
2019-08-15T01:29:04.246705Z 0 [Note] Shutting down plugin 'CSV'
2019-08-15T01:29:04.246750Z 0 [Note] Shutting down plugin 'sha256_password'
2019-08-15T01:29:04.246758Z 0 [Note] Shutting down plugin 'mysql_native_password'
2019-08-15T01:29:04.246885Z 0 [Note] Shutting down plugin 'binlog'
2019-08-15T01:29:04.247308Z 0 [Note] /usr/sbin/mysqld: Shutdown complete

2019-08-15T01:29:10.362847Z 0 [Warning] TIMESTAMP with implicit DEFAULT value is deprecated. Please use --explicit_defaults_for_timestamp server option (see documentation for more details).
2019-08-15T01:29:10.363656Z 0 [Note] /usr/sbin/mysqld (mysqld 5.7.23) starting as process 73 ...
2019-08-15T01:29:10.374297Z 0 [Note] InnoDB: PUNCH HOLE support available
2019-08-15T01:29:10.374327Z 0 [Note] InnoDB: Mutexes and rw_locks use GCC atomic builtins
2019-08-15T01:29:10.374333Z 0 [Note] InnoDB: Uses event mutexes
2019-08-15T01:29:10.374338Z 0 [Note] InnoDB: GCC builtin __atomic_thread_fence() is used for memory barrier
2019-08-15T01:29:10.374342Z 0 [Note] InnoDB: Compressed tables use zlib 1.2.3
2019-08-15T01:29:10.374346Z 0 [Note] InnoDB: Using Linux native AIO
2019-08-15T01:29:10.374531Z 0 [Note] InnoDB: Number of pools: 1
2019-08-15T01:29:10.374620Z 0 [Note] InnoDB: Using CPU crc32 instructions
2019-08-15T01:29:10.376144Z 0 [Note] InnoDB: Initializing buffer pool, total size = 32M, instances = 1, chunk size = 32M
2019-08-15T01:29:10.377812Z 0 [Note] InnoDB: Completed initialization of buffer pool
2019-08-15T01:29:10.382183Z 0 [Note] InnoDB: If the mysqld execution user is authorized, page cleaner thread priority can be changed. See the man page of setpriority().
2019-08-15T01:29:10.391529Z 0 [Note] InnoDB: Highest supported file format is Barracuda.
2019-08-15T01:29:10.403747Z 0 [Note] InnoDB: Creating shared tablespace for temporary tables
2019-08-15T01:29:10.403828Z 0 [Note] InnoDB: Setting file './ibtmp1' size to 12 MB. Physically writing the file full; Please wait ...
2019-08-15T01:29:10.427188Z 0 [Note] InnoDB: File './ibtmp1' size is now 12 MB.
2019-08-15T01:29:10.427896Z 0 [Note] InnoDB: 96 redo rollback segment(s) found. 96 redo rollback segment(s) are active.
2019-08-15T01:29:10.427914Z 0 [Note] InnoDB: 32 non-redo rollback segment(s) are active.
2019-08-15T01:29:10.428480Z 0 [Note] InnoDB: Waiting for purge to start
2019-08-15T01:29:10.479328Z 0 [Note] InnoDB: 5.7.23 started; log sequence number 9902977
2019-08-15T01:29:10.479861Z 0 [Note] Plugin 'FEDERATED' is disabled.
2019-08-15T01:29:10.481155Z 0 [Warning] Failed to set up SSL because of the following SSL library error: SSL context is not usable without certificate and private key
2019-08-15T01:29:10.481172Z 0 [Note] Server hostname (bind-address): '*'; port: 3306
2019-08-15T01:29:10.481220Z 0 [Note] IPv6 is available.
2019-08-15T01:29:10.481233Z 0 [Note]   - '::' resolves to '::';
2019-08-15T01:29:10.481241Z 0 [Note] Server socket created on IP: '::'.
2019-08-15T01:29:10.484699Z 0 [Warning] 'user' entry 'root@localhost' ignored in --skip-name-resolve mode.
2019-08-15T01:29:10.484732Z 0 [Warning] 'user' entry 'mysql.session@localhost' ignored in --skip-name-resolve mode.
2019-08-15T01:29:10.484744Z 0 [Warning] 'user' entry 'mysql.sys@localhost' ignored in --skip-name-resolve mode.
2019-08-15T01:29:10.484770Z 0 [Warning] 'db' entry 'performance_schema mysql.session@localhost' ignored in --skip-name-resolve mode.
2019-08-15T01:29:10.484776Z 0 [Warning] 'db' entry 'sys mysql.sys@localhost' ignored in --skip-name-resolve mode.
2019-08-15T01:29:10.484789Z 0 [Warning] 'proxies_priv' entry '@ root@localhost' ignored in --skip-name-resolve mode.
2019-08-15T01:29:10.486156Z 0 [Warning] 'tables_priv' entry 'user mysql.session@localhost' ignored in --skip-name-resolve mode.
2019-08-15T01:29:10.486172Z 0 [Warning] 'tables_priv' entry 'sys_config mysql.sys@localhost' ignored in --skip-name-resolve mode.
2019-08-15T01:29:10.492668Z 0 [Note] InnoDB: Loading buffer pool(s) from /var/lib/mysql/ib_buffer_pool
2019-08-15T01:29:10.494528Z 0 [Note] InnoDB: Buffer pool(s) load completed at 190815  1:29:10
2019-08-15T01:29:10.503917Z 0 [Note] Event Scheduler: Loaded 0 events
2019-08-15T01:29:10.512744Z 0 [Note] /usr/sbin/mysqld: ready for connections.
Version: '5.7.23'  socket: '/var/run/mysqld/mysqld.sock'  port: 3306  MySQL Community Server (GPL)
2019-08-16T01:04:32.519423Z 0 [Warning] TIMESTAMP with implicit DEFAULT value is deprecated. Please use --explicit_defaults_for_timestamp server option (see documentation for more details).
2019-08-16T01:04:32.524127Z 0 [Note] /usr/sbin/mysqld (mysqld 5.7.23) starting as process 78 ...
2019-08-16T01:04:32.566614Z 0 [Note] InnoDB: PUNCH HOLE support available
2019-08-16T01:04:32.566655Z 0 [Note] InnoDB: Mutexes and rw_locks use GCC atomic builtins
2019-08-16T01:04:32.566662Z 0 [Note] InnoDB: Uses event mutexes
2019-08-16T01:04:32.566669Z 0 [Note] InnoDB: GCC builtin __atomic_thread_fence() is used for memory barrier
2019-08-16T01:04:32.566675Z 0 [Note] InnoDB: Compressed tables use zlib 1.2.3
2019-08-16T01:04:32.566681Z 0 [Note] InnoDB: Using Linux native AIO
2019-08-16T01:04:32.569444Z 0 [Note] InnoDB: Number of pools: 1
2019-08-16T01:04:32.574401Z 0 [Note] InnoDB: Using CPU crc32 instructions
2019-08-16T01:04:32.578288Z 0 [Note] InnoDB: Initializing buffer pool, total size = 32M, instances = 1, chunk size = 32M
2019-08-16T01:04:32.584265Z 0 [Note] InnoDB: Completed initialization of buffer pool
2019-08-16T01:04:32.594422Z 0 [Note] InnoDB: If the mysqld execution user is authorized, page cleaner thread priority can be changed. See the man page of setpriority().
2019-08-16T01:04:32.624416Z 0 [Note] InnoDB: Highest supported file format is Barracuda.
2019-08-16T01:04:32.628575Z 0 [Note] InnoDB: Log scan progressed past the checkpoint lsn 9902996
2019-08-16T01:04:32.628607Z 0 [Note] InnoDB: Doing recovery: scanned up to log sequence number 9903005
2019-08-16T01:04:32.628615Z 0 [Note] InnoDB: Database was not shutdown normally!
2019-08-16T01:04:32.628621Z 0 [Note] InnoDB: Starting crash recovery.
2019-08-16T01:04:32.849531Z 0 [Note] InnoDB: Removed temporary tablespace data file: "ibtmp1"
2019-08-16T01:04:32.849561Z 0 [Note] InnoDB: Creating shared tablespace for temporary tables
2019-08-16T01:04:32.849623Z 0 [Note] InnoDB: Setting file './ibtmp1' size to 12 MB. Physically writing the file full; Please wait ...
2019-08-16T01:04:32.902802Z 0 [Note] InnoDB: File './ibtmp1' size is now 12 MB.
2019-08-16T01:04:32.903452Z 0 [Note] InnoDB: 96 redo rollback segment(s) found. 96 redo rollback segment(s) are active.
2019-08-16T01:04:32.903464Z 0 [Note] InnoDB: 32 non-redo rollback segment(s) are active.
2019-08-16T01:04:32.905792Z 0 [Note] InnoDB: Waiting for purge to start
2019-08-16T01:04:32.957003Z 0 [Note] InnoDB: 5.7.23 started; log sequence number 9903005
2019-08-16T01:04:32.960368Z 0 [Note] Plugin 'FEDERATED' is disabled.
2019-08-16T01:04:32.962088Z 0 [Note] InnoDB: Loading buffer pool(s) from /var/lib/mysql/ib_buffer_pool
2019-08-16T01:04:32.973947Z 0 [Warning] Failed to set up SSL because of the following SSL library error: SSL context is not usable without certificate and private key
2019-08-16T01:04:32.973977Z 0 [Note] Server hostname (bind-address): '*'; port: 3306
2019-08-16T01:04:32.974422Z 0 [Note] IPv6 is available.
2019-08-16T01:04:32.975292Z 0 [Note]   - '::' resolves to '::';
2019-08-16T01:04:32.975309Z 0 [Note] Server socket created on IP: '::'.
2019-08-16T01:04:32.985017Z 0 [Note] InnoDB: Buffer pool(s) load completed at 190816  1:04:32
2019-08-16T01:04:32.988423Z 0 [Warning] 'user' entry 'root@localhost' ignored in --skip-name-resolve mode.
2019-08-16T01:04:32.988459Z 0 [Warning] 'user' entry 'mysql.session@localhost' ignored in --skip-name-resolve mode.
2019-08-16T01:04:32.988472Z 0 [Warning] 'user' entry 'mysql.sys@localhost' ignored in --skip-name-resolve mode.
2019-08-16T01:04:32.989062Z 0 [Warning] 'db' entry 'performance_schema mysql.session@localhost' ignored in --skip-name-resolve mode.
2019-08-16T01:04:32.989072Z 0 [Warning] 'db' entry 'sys mysql.sys@localhost' ignored in --skip-name-resolve mode.
2019-08-16T01:04:32.989426Z 0 [Warning] 'proxies_priv' entry '@ root@localhost' ignored in --skip-name-resolve mode.
2019-08-16T01:04:32.994227Z 0 [Warning] 'tables_priv' entry 'user mysql.session@localhost' ignored in --skip-name-resolve mode.
2019-08-16T01:04:32.994246Z 0 [Warning] 'tables_priv' entry 'sys_config mysql.sys@localhost' ignored in --skip-name-resolve mode.
2019-08-16T01:04:33.036489Z 0 [Note] Event Scheduler: Loaded 0 events
2019-08-16T01:04:33.044899Z 0 [Note] /usr/sbin/mysqld: ready for connections.
Version: '5.7.23'  socket: '/var/run/mysqld/mysqld.sock'  port: 3306  MySQL Community Server (GPL)
2019-08-16T03:41:10.146466Z 0 [Note] InnoDB: page_cleaner: 1000ms intended loop took 4510160ms. The settings might not be optimal. (flushed=0 and evicted=0, during the time.)
2019-08-16T14:51:22.301465Z 0 [Note] InnoDB: page_cleaner: 1000ms intended loop took 32492436ms. The settings might not be optimal. (flushed=0 and evicted=0, during the time.)
2019-08-16T21:11:06.870444Z 0 [Note] InnoDB: page_cleaner: 1000ms intended loop took 19075160ms. The settings might not be optimal. (flushed=0 and evicted=0, during the time.)
2019-08-16T21:56:13.790483Z 0 [Note] InnoDB: page_cleaner: 1000ms intended loop took 393622ms. The settings might not be optimal. (flushed=0 and evicted=0, during the time.)
2019-08-17T00:10:34.437281Z 0 [Note] InnoDB: page_cleaner: 1000ms intended loop took 7114692ms. The settings might not be optimal. (flushed=0 and evicted=0, during the time.)
2019-08-17T01:53:11.288663Z 0 [Note] InnoDB: page_cleaner: 1000ms intended loop took 5097584ms. The settings might not be optimal. (flushed=0 and evicted=0, during the time.)
2019-08-17T11:09:58.810285Z 0 [Note] InnoDB: page_cleaner: 1000ms intended loop took 32788209ms. The settings might not be optimal. (flushed=0 and evicted=0, during the time.)
2019-08-18T02:49:23.609144Z 0 [Warning] TIMESTAMP with implicit DEFAULT value is deprecated. Please use --explicit_defaults_for_timestamp server option (see documentation for more details).
2019-08-18T02:49:23.613831Z 0 [Note] /usr/sbin/mysqld (mysqld 5.7.23) starting as process 77 ...
2019-08-18T02:49:23.657005Z 0 [Note] InnoDB: PUNCH HOLE support available
2019-08-18T02:49:23.657044Z 0 [Note] InnoDB: Mutexes and rw_locks use GCC atomic builtins
2019-08-18T02:49:23.657049Z 0 [Note] InnoDB: Uses event mutexes
2019-08-18T02:49:23.657055Z 0 [Note] InnoDB: GCC builtin __atomic_thread_fence() is used for memory barrier
2019-08-18T02:49:23.657060Z 0 [Note] InnoDB: Compressed tables use zlib 1.2.3
2019-08-18T02:49:23.657064Z 0 [Note] InnoDB: Using Linux native AIO
2019-08-18T02:49:23.659598Z 0 [Note] InnoDB: Number of pools: 1
2019-08-18T02:49:23.664061Z 0 [Note] InnoDB: Using CPU crc32 instructions
2019-08-18T02:49:23.667309Z 0 [Note] InnoDB: Initializing buffer pool, total size = 32M, instances = 1, chunk size = 32M
2019-08-18T02:49:23.671527Z 0 [Note] InnoDB: Completed initialization of buffer pool
2019-08-18T02:49:23.683277Z 0 [Note] InnoDB: If the mysqld execution user is authorized, page cleaner thread priority can be changed. See the man page of setpriority().
2019-08-18T02:49:23.700330Z 0 [Note] InnoDB: Highest supported file format is Barracuda.
2019-08-18T02:49:23.715818Z 0 [Note] InnoDB: Log scan progressed past the checkpoint lsn 10489939
2019-08-18T02:49:23.715845Z 0 [Note] InnoDB: Doing recovery: scanned up to log sequence number 10489948
2019-08-18T02:49:23.715852Z 0 [Note] InnoDB: Database was not shutdown normally!
2019-08-18T02:49:23.715856Z 0 [Note] InnoDB: Starting crash recovery.
2019-08-18T02:49:23.935431Z 0 [Note] InnoDB: Removed temporary tablespace data file: "ibtmp1"
2019-08-18T02:49:23.935460Z 0 [Note] InnoDB: Creating shared tablespace for temporary tables
2019-08-18T02:49:23.935523Z 0 [Note] InnoDB: Setting file './ibtmp1' size to 12 MB. Physically writing the file full; Please wait ...
2019-08-18T02:49:23.984437Z 0 [Note] InnoDB: File './ibtmp1' size is now 12 MB.
2019-08-18T02:49:23.986927Z 0 [Note] InnoDB: 96 redo rollback segment(s) found. 96 redo rollback segment(s) are active.
2019-08-18T02:49:23.986955Z 0 [Note] InnoDB: 32 non-redo rollback segment(s) are active.
2019-08-18T02:49:23.995961Z 0 [Note] InnoDB: Waiting for purge to start
2019-08-18T02:49:24.046670Z 0 [Note] InnoDB: 5.7.23 started; log sequence number 10489948
2019-08-18T02:49:24.049836Z 0 [Note] Plugin 'FEDERATED' is disabled.
2019-08-18T02:49:24.052744Z 0 [Note] InnoDB: Loading buffer pool(s) from /var/lib/mysql/ib_buffer_pool
2019-08-18T02:49:24.065358Z 0 [Warning] Failed to set up SSL because of the following SSL library error: SSL context is not usable without certificate and private key
2019-08-18T02:49:24.065387Z 0 [Note] Server hostname (bind-address): '*'; port: 3306
2019-08-18T02:49:24.065606Z 0 [Note] IPv6 is available.
2019-08-18T02:49:24.066333Z 0 [Note]   - '::' resolves to '::';
2019-08-18T02:49:24.066387Z 0 [Note] Server socket created on IP: '::'.
2019-08-18T02:49:24.070823Z 0 [Note] InnoDB: Buffer pool(s) load completed at 190818  2:49:24
2019-08-18T02:49:24.074741Z 0 [Warning] 'user' entry 'root@localhost' ignored in --skip-name-resolve mode.
2019-08-18T02:49:24.074769Z 0 [Warning] 'user' entry 'mysql.session@localhost' ignored in --skip-name-resolve mode.
2019-08-18T02:49:24.074780Z 0 [Warning] 'user' entry 'mysql.sys@localhost' ignored in --skip-name-resolve mode.
2019-08-18T02:49:24.075402Z 0 [Warning] 'db' entry 'performance_schema mysql.session@localhost' ignored in --skip-name-resolve mode.
2019-08-18T02:49:24.075415Z 0 [Warning] 'db' entry 'sys mysql.sys@localhost' ignored in --skip-name-resolve mode.
2019-08-18T02:49:24.075786Z 0 [Warning] 'proxies_priv' entry '@ root@localhost' ignored in --skip-name-resolve mode.
2019-08-18T02:49:24.080124Z 0 [Warning] 'tables_priv' entry 'user mysql.session@localhost' ignored in --skip-name-resolve mode.
2019-08-18T02:49:24.080144Z 0 [Warning] 'tables_priv' entry 'sys_config mysql.sys@localhost' ignored in --skip-name-resolve mode.
2019-08-18T02:49:24.120851Z 0 [Note] Event Scheduler: Loaded 0 events
2019-08-18T02:49:24.124246Z 0 [Note] /usr/sbin/mysqld: ready for connections.
Version: '5.7.23'  socket: '/var/run/mysqld/mysqld.sock'  port: 3306  MySQL Community Server (GPL)
2019-08-18T08:44:53.361216Z 0 [Note] InnoDB: page_cleaner: 1000ms intended loop took 14811775ms. The settings might not be optimal. (flushed=0 and evicted=0, during the time.)
